2025-03-04 14:51:59,607 - speaking_tutor - INFO - Application started
2025-03-04 14:51:59,851 - speaking_tutor - INFO - Application started
2025-03-04 14:51:59,851 - speaking_tutor - INFO - Application started
2025-03-04 14:52:20,870 - speaking_tutor - INFO - Application started
2025-03-04 14:52:20,870 - speaking_tutor - INFO - Application started
2025-03-04 14:52:20,870 - speaking_tutor - INFO - Application started
2025-03-04 14:52:20,881 - speaking_tutor - INFO - Starting recording
2025-03-04 14:52:20,881 - speaking_tutor - INFO - Starting recording
2025-03-04 14:52:20,881 - speaking_tutor - INFO - Starting recording
2025-03-04 14:52:20,883 - speaking_tutor - INFO - Created new audio processor, recording to recordings/20250304_145220_recording.mp3
2025-03-04 14:52:20,883 - speaking_tutor - INFO - Created new audio processor, recording to recordings/20250304_145220_recording.mp3
2025-03-04 14:52:20,883 - speaking_tutor - INFO - Created new audio processor, recording to recordings/20250304_145220_recording.mp3
2025-03-04 14:52:20,947 - speaking_tutor - INFO - Application started
2025-03-04 14:52:20,947 - speaking_tutor - INFO - Application started
2025-03-04 14:52:20,947 - speaking_tutor - INFO - Application started
2025-03-04 14:52:20,947 - speaking_tutor - INFO - Application started
2025-03-04 14:52:38,424 - speaking_tutor - INFO - Application started
2025-03-04 14:52:38,424 - speaking_tutor - INFO - Application started
2025-03-04 14:52:38,424 - speaking_tutor - INFO - Application started
2025-03-04 14:52:38,424 - speaking_tutor - INFO - Application started
2025-03-04 14:52:38,424 - speaking_tutor - INFO - Application started
2025-03-04 14:52:38,436 - speaking_tutor - INFO - Stopping recording
2025-03-04 14:52:38,436 - speaking_tutor - INFO - Stopping recording
2025-03-04 14:52:38,436 - speaking_tutor - INFO - Stopping recording
2025-03-04 14:52:38,436 - speaking_tutor - INFO - Stopping recording
2025-03-04 14:52:38,436 - speaking_tutor - INFO - Stopping recording
2025-03-04 14:52:38,437 - speaking_tutor - WARNING - No audio chunks to save
2025-03-04 14:52:38,437 - speaking_tutor - WARNING - No audio chunks to save
2025-03-04 14:52:38,437 - speaking_tutor - WARNING - No audio chunks to save
2025-03-04 14:52:38,437 - speaking_tutor - WARNING - No audio chunks to save
2025-03-04 14:52:38,437 - speaking_tutor - WARNING - No audio chunks to save
2025-03-04 14:52:38,505 - speaking_tutor - INFO - Application started
2025-03-04 14:52:38,505 - speaking_tutor - INFO - Application started
2025-03-04 14:52:38,505 - speaking_tutor - INFO - Application started
2025-03-04 14:52:38,505 - speaking_tutor - INFO - Application started
2025-03-04 14:52:38,505 - speaking_tutor - INFO - Application started
2025-03-04 14:52:38,505 - speaking_tutor - INFO - Application started
