2025-03-04 21:54:18,147 - DEBUG - NativeEvent(path="/Users/pau/git-box/free-genai-bootcamp-2025/speaking-practice/audio_recorder_debug.log", inode=72628491, flags=11400, id=300316183): is_file, is_inode_meta_mod, is_modified
2025-03-04 21:54:18,152 - DEBUG - queue_event FileModifiedEvent(src_path='/Users/pau/git-box/free-genai-bootcamp-2025/speaking-practice/audio_recorder_debug.log', dest_path='', event_type='modified', is_directory=False, is_synthetic=False)
2025-03-04 21:56:00,479 - DEBUG - NativeEvent(path="/Users/pau/git-box/free-genai-bootcamp-2025/speaking-practice/app.py", inode=72567091, flags=11400, id=300319207): is_file, is_inode_meta_mod, is_modified
2025-03-04 21:56:00,479 - DEBUG - queue_event FileModifiedEvent(src_path='/Users/pau/git-box/free-genai-bootcamp-2025/speaking-practice/app.py', dest_path='', event_type='modified', is_directory=False, is_synthetic=False)
2025-03-04 21:56:04,587 - DEBUG - NativeEvent(path="/Users/pau/git-box/free-genai-bootcamp-2025/speaking-practice/app_debug.log", inode=72608021, flags=11400, id=300319549): is_file, is_inode_meta_mod, is_modified
2025-03-04 21:56:04,587 - DEBUG - queue_event FileModifiedEvent(src_path='/Users/pau/git-box/free-genai-bootcamp-2025/speaking-practice/app_debug.log', dest_path='', event_type='modified', is_directory=False, is_synthetic=False)
2025-03-04 21:57:02,741 - DEBUG - NativeEvent(path="/Users/pau/git-box/free-genai-bootcamp-2025/speaking-practice/app.py", inode=72567091, flags=11400, id=300320904): is_file, is_inode_meta_mod, is_modified
2025-03-04 21:57:02,742 - DEBUG - queue_event FileModifiedEvent(src_path='/Users/pau/git-box/free-genai-bootcamp-2025/speaking-practice/app.py', dest_path='', event_type='modified', is_directory=False, is_synthetic=False)
2025-03-04 21:57:04,108 - DEBUG - NativeEvent(path="/Users/pau/git-box/free-genai-bootcamp-2025/speaking-practice/app_debug.log", inode=72608021, flags=10400, id=300321114): is_file, is_inode_meta_mod
2025-03-04 21:57:04,108 - DEBUG - queue_event FileModifiedEvent(src_path='/Users/pau/git-box/free-genai-bootcamp-2025/speaking-practice/app_debug.log', dest_path='', event_type='modified', is_directory=False, is_synthetic=False)
2025-03-04 21:57:04,149 - DEBUG - NativeEvent(path="/Users/pau/git-box/free-genai-bootcamp-2025/speaking-practice/app_debug.log", inode=72608021, flags=11400, id=300321117): is_file, is_inode_meta_mod, is_modified
2025-03-04 21:57:04,149 - DEBUG - queue_event FileModifiedEvent(src_path='/Users/pau/git-box/free-genai-bootcamp-2025/speaking-practice/app_debug.log', dest_path='', event_type='modified', is_directory=False, is_synthetic=False)
2025-03-04 21:58:19,769 - DEBUG - NativeEvent(path="/Users/pau/git-box/free-genai-bootcamp-2025/speaking-practice/app.py", inode=72567091, flags=11400, id=300322352): is_file, is_inode_meta_mod, is_modified
2025-03-04 21:58:19,769 - DEBUG - queue_event FileModifiedEvent(src_path='/Users/pau/git-box/free-genai-bootcamp-2025/speaking-practice/app.py', dest_path='', event_type='modified', is_directory=False, is_synthetic=False)
2025-03-04 21:58:22,611 - DEBUG - NativeEvent(path="/Users/pau/git-box/free-genai-bootcamp-2025/speaking-practice/app_debug.log", inode=72608021, flags=10400, id=300322738): is_file, is_inode_meta_mod
2025-03-04 21:58:22,611 - DEBUG - queue_event FileModifiedEvent(src_path='/Users/pau/git-box/free-genai-bootcamp-2025/speaking-practice/app_debug.log', dest_path='', event_type='modified', is_directory=False, is_synthetic=False)
2025-03-04 21:58:22,649 - DEBUG - NativeEvent(path="/Users/pau/git-box/free-genai-bootcamp-2025/speaking-practice/app_debug.log", inode=72608021, flags=11400, id=300322741): is_file, is_inode_meta_mod, is_modified
2025-03-04 21:58:22,649 - DEBUG - queue_event FileModifiedEvent(src_path='/Users/pau/git-box/free-genai-bootcamp-2025/speaking-practice/app_debug.log', dest_path='', event_type='modified', is_directory=False, is_synthetic=False)
2025-03-04 21:58:24,056 - DEBUG - NativeEvent(path="/Users/pau/git-box/free-genai-bootcamp-2025/speaking-practice/app_debug.log", inode=72608021, flags=11400, id=300322986): is_file, is_inode_meta_mod, is_modified
2025-03-04 21:58:24,056 - DEBUG - queue_event FileModifiedEvent(src_path='/Users/pau/git-box/free-genai-bootcamp-2025/speaking-practice/app_debug.log', dest_path='', event_type='modified', is_directory=False, is_synthetic=False)
2025-03-04 21:58:24,101 - DEBUG - NativeEvent(path="/Users/pau/git-box/free-genai-bootcamp-2025/speaking-practice/app_debug.log", inode=72608021, flags=11400, id=300323001): is_file, is_inode_meta_mod, is_modified
2025-03-04 21:58:24,101 - DEBUG - queue_event FileModifiedEvent(src_path='/Users/pau/git-box/free-genai-bootcamp-2025/speaking-practice/app_debug.log', dest_path='', event_type='modified', is_directory=False, is_synthetic=False)
2025-03-04 22:00:06,214 - DEBUG - NativeEvent(path="/Users/pau/git-box/free-genai-bootcamp-2025/speaking-practice/app.py", inode=72567091, flags=11400, id=300326543): is_file, is_inode_meta_mod, is_modified
2025-03-04 22:00:06,215 - DEBUG - queue_event FileModifiedEvent(src_path='/Users/pau/git-box/free-genai-bootcamp-2025/speaking-practice/app.py', dest_path='', event_type='modified', is_directory=False, is_synthetic=False)
2025-03-04 22:00:10,023 - DEBUG - NativeEvent(path="/Users/pau/git-box/free-genai-bootcamp-2025/speaking-practice/app_debug.log", inode=72608021, flags=10400, id=300327058): is_file, is_inode_meta_mod
2025-03-04 22:00:10,023 - DEBUG - queue_event FileModifiedEvent(src_path='/Users/pau/git-box/free-genai-bootcamp-2025/speaking-practice/app_debug.log', dest_path='', event_type='modified', is_directory=False, is_synthetic=False)
2025-03-04 22:00:10,064 - DEBUG - NativeEvent(path="/Users/pau/git-box/free-genai-bootcamp-2025/speaking-practice/app_debug.log", inode=72608021, flags=11400, id=300327061): is_file, is_inode_meta_mod, is_modified
2025-03-04 22:00:10,064 - DEBUG - queue_event FileModifiedEvent(src_path='/Users/pau/git-box/free-genai-bootcamp-2025/speaking-practice/app_debug.log', dest_path='', event_type='modified', is_directory=False, is_synthetic=False)
2025-03-04 22:00:11,729 - DEBUG - NativeEvent(path="/Users/pau/git-box/free-genai-bootcamp-2025/speaking-practice/app_debug.log", inode=72608021, flags=11400, id=300327097): is_file, is_inode_meta_mod, is_modified
2025-03-04 22:00:11,729 - DEBUG - queue_event FileModifiedEvent(src_path='/Users/pau/git-box/free-genai-bootcamp-2025/speaking-practice/app_debug.log', dest_path='', event_type='modified', is_directory=False, is_synthetic=False)
2025-03-04 22:00:11,786 - DEBUG - NativeEvent(path="/Users/pau/git-box/free-genai-bootcamp-2025/speaking-practice/app_debug.log", inode=72608021, flags=11400, id=300327100): is_file, is_inode_meta_mod, is_modified
2025-03-04 22:00:11,786 - DEBUG - queue_event FileModifiedEvent(src_path='/Users/pau/git-box/free-genai-bootcamp-2025/speaking-practice/app_debug.log', dest_path='', event_type='modified', is_directory=False, is_synthetic=False)
2025-03-04 22:00:36,617 - DEBUG - NativeEvent(path="/Users/pau/git-box/free-genai-bootcamp-2025/speaking-practice/app.py", inode=72567091, flags=11400, id=300329093): is_file, is_inode_meta_mod, is_modified
2025-03-04 22:00:36,618 - DEBUG - queue_event FileModifiedEvent(src_path='/Users/pau/git-box/free-genai-bootcamp-2025/speaking-practice/app.py', dest_path='', event_type='modified', is_directory=False, is_synthetic=False)
2025-03-04 22:06:07,340 - DEBUG - NativeEvent(path="/Users/pau/git-box/free-genai-bootcamp-2025/speaking-practice/app.py", inode=72567091, flags=10400, id=300344063): is_file, is_inode_meta_mod
2025-03-04 22:06:07,342 - DEBUG - queue_event FileModifiedEvent(src_path='/Users/pau/git-box/free-genai-bootcamp-2025/speaking-practice/app.py', dest_path='', event_type='modified', is_directory=False, is_synthetic=False)
2025-03-04 22:06:07,350 - DEBUG - NativeEvent(path="/Users/pau/git-box/free-genai-bootcamp-2025/speaking-practice/app.py", inode=72567091, flags=11400, id=300344127): is_file, is_inode_meta_mod, is_modified
2025-03-04 22:06:07,350 - DEBUG - queue_event FileModifiedEvent(src_path='/Users/pau/git-box/free-genai-bootcamp-2025/speaking-practice/app.py', dest_path='', event_type='modified', is_directory=False, is_synthetic=False)
2025-03-04 22:06:09,337 - DEBUG - NativeEvent(path="/Users/pau/git-box/free-genai-bootcamp-2025/speaking-practice/app_debug.log", inode=72608021, flags=10400, id=300344384): is_file, is_inode_meta_mod
2025-03-04 22:06:09,337 - DEBUG - queue_event FileModifiedEvent(src_path='/Users/pau/git-box/free-genai-bootcamp-2025/speaking-practice/app_debug.log', dest_path='', event_type='modified', is_directory=False, is_synthetic=False)
2025-03-04 22:06:09,436 - DEBUG - NativeEvent(path="/Users/pau/git-box/free-genai-bootcamp-2025/speaking-practice/app_debug.log", inode=72608021, flags=11400, id=300344387): is_file, is_inode_meta_mod, is_modified
2025-03-04 22:06:09,437 - DEBUG - queue_event FileModifiedEvent(src_path='/Users/pau/git-box/free-genai-bootcamp-2025/speaking-practice/app_debug.log', dest_path='', event_type='modified', is_directory=False, is_synthetic=False)
2025-03-04 22:08:06,492 - DEBUG - NativeEvent(path="/Users/pau/git-box/free-genai-bootcamp-2025/speaking-practice/app.py", inode=72567091, flags=11400, id=300347814): is_file, is_inode_meta_mod, is_modified
2025-03-04 22:08:06,493 - DEBUG - queue_event FileModifiedEvent(src_path='/Users/pau/git-box/free-genai-bootcamp-2025/speaking-practice/app.py', dest_path='', event_type='modified', is_directory=False, is_synthetic=False)
2025-03-04 22:08:07,594 - DEBUG - NativeEvent(path="/Users/pau/git-box/free-genai-bootcamp-2025/speaking-practice/app_debug.log", inode=72608021, flags=10400, id=300348139): is_file, is_inode_meta_mod
2025-03-04 22:08:07,594 - DEBUG - queue_event FileModifiedEvent(src_path='/Users/pau/git-box/free-genai-bootcamp-2025/speaking-practice/app_debug.log', dest_path='', event_type='modified', is_directory=False, is_synthetic=False)
2025-03-04 22:08:07,640 - DEBUG - NativeEvent(path="/Users/pau/git-box/free-genai-bootcamp-2025/speaking-practice/app_debug.log", inode=72608021, flags=11400, id=300348142): is_file, is_inode_meta_mod, is_modified
2025-03-04 22:08:07,641 - DEBUG - queue_event FileModifiedEvent(src_path='/Users/pau/git-box/free-genai-bootcamp-2025/speaking-practice/app_debug.log', dest_path='', event_type='modified', is_directory=False, is_synthetic=False)
2025-03-04 22:09:47,793 - DEBUG - NativeEvent(path="/Users/pau/git-box/free-genai-bootcamp-2025/speaking-practice/app.py", inode=72567091, flags=11400, id=300351285): is_file, is_inode_meta_mod, is_modified
2025-03-04 22:09:47,794 - DEBUG - queue_event FileModifiedEvent(src_path='/Users/pau/git-box/free-genai-bootcamp-2025/speaking-practice/app.py', dest_path='', event_type='modified', is_directory=False, is_synthetic=False)
2025-03-04 22:09:50,381 - DEBUG - NativeEvent(path="/Users/pau/git-box/free-genai-bootcamp-2025/speaking-practice/app_debug.log", inode=72608021, flags=10400, id=300351947): is_file, is_inode_meta_mod
2025-03-04 22:09:50,382 - DEBUG - queue_event FileModifiedEvent(src_path='/Users/pau/git-box/free-genai-bootcamp-2025/speaking-practice/app_debug.log', dest_path='', event_type='modified', is_directory=False, is_synthetic=False)
2025-03-04 22:09:50,442 - DEBUG - NativeEvent(path="/Users/pau/git-box/free-genai-bootcamp-2025/speaking-practice/app_debug.log", inode=72608021, flags=11400, id=300351950): is_file, is_inode_meta_mod, is_modified
2025-03-04 22:09:50,443 - DEBUG - queue_event FileModifiedEvent(src_path='/Users/pau/git-box/free-genai-bootcamp-2025/speaking-practice/app_debug.log', dest_path='', event_type='modified', is_directory=False, is_synthetic=False)
2025-03-04 22:10:04,852 - DEBUG - NativeEvent(path="/Users/pau/git-box/free-genai-bootcamp-2025/speaking-practice/app.py", inode=72567091, flags=10400, id=300352515): is_file, is_inode_meta_mod
2025-03-04 22:10:04,855 - DEBUG - queue_event FileModifiedEvent(src_path='/Users/pau/git-box/free-genai-bootcamp-2025/speaking-practice/app.py', dest_path='', event_type='modified', is_directory=False, is_synthetic=False)
2025-03-04 22:10:04,863 - DEBUG - NativeEvent(path="/Users/pau/git-box/free-genai-bootcamp-2025/speaking-practice/app.py", inode=72567091, flags=11400, id=300352542): is_file, is_inode_meta_mod, is_modified
2025-03-04 22:10:04,863 - DEBUG - queue_event FileModifiedEvent(src_path='/Users/pau/git-box/free-genai-bootcamp-2025/speaking-practice/app.py', dest_path='', event_type='modified', is_directory=False, is_synthetic=False)
2025-03-04 22:11:27,839 - DEBUG - NativeEvent(path="/Users/pau/git-box/free-genai-bootcamp-2025/speaking-practice/app.py", inode=72567091, flags=10400, id=300356587): is_file, is_inode_meta_mod
2025-03-04 22:11:27,841 - DEBUG - queue_event FileModifiedEvent(src_path='/Users/pau/git-box/free-genai-bootcamp-2025/speaking-practice/app.py', dest_path='', event_type='modified', is_directory=False, is_synthetic=False)
2025-03-04 22:11:27,849 - DEBUG - NativeEvent(path="/Users/pau/git-box/free-genai-bootcamp-2025/speaking-practice/app.py", inode=72567091, flags=11400, id=300356590): is_file, is_inode_meta_mod, is_modified
2025-03-04 22:11:27,849 - DEBUG - queue_event FileModifiedEvent(src_path='/Users/pau/git-box/free-genai-bootcamp-2025/speaking-practice/app.py', dest_path='', event_type='modified', is_directory=False, is_synthetic=False)
2025-03-04 22:11:28,800 - DEBUG - NativeEvent(path="/Users/pau/git-box/free-genai-bootcamp-2025/speaking-practice/app_debug.log", inode=72608021, flags=10400, id=300356876): is_file, is_inode_meta_mod
2025-03-04 22:11:28,800 - DEBUG - queue_event FileModifiedEvent(src_path='/Users/pau/git-box/free-genai-bootcamp-2025/speaking-practice/app_debug.log', dest_path='', event_type='modified', is_directory=False, is_synthetic=False)
2025-03-04 22:11:28,857 - DEBUG - NativeEvent(path="/Users/pau/git-box/free-genai-bootcamp-2025/speaking-practice/app_debug.log", inode=72608021, flags=11400, id=300356879): is_file, is_inode_meta_mod, is_modified
2025-03-04 22:11:28,857 - DEBUG - queue_event FileModifiedEvent(src_path='/Users/pau/git-box/free-genai-bootcamp-2025/speaking-practice/app_debug.log', dest_path='', event_type='modified', is_directory=False, is_synthetic=False)
2025-03-04 22:18:44,618 - DEBUG - NativeEvent(path="/Users/pau/git-box/free-genai-bootcamp-2025/speaking-practice/app.py", inode=72567091, flags=10400, id=300423005): is_file, is_inode_meta_mod
2025-03-04 22:18:44,620 - DEBUG - queue_event FileModifiedEvent(src_path='/Users/pau/git-box/free-genai-bootcamp-2025/speaking-practice/app.py', dest_path='', event_type='modified', is_directory=False, is_synthetic=False)
2025-03-04 22:18:44,629 - DEBUG - NativeEvent(path="/Users/pau/git-box/free-genai-bootcamp-2025/speaking-practice/app.py", inode=72567091, flags=11400, id=300423053): is_file, is_inode_meta_mod, is_modified
2025-03-04 22:18:44,630 - DEBUG - queue_event FileModifiedEvent(src_path='/Users/pau/git-box/free-genai-bootcamp-2025/speaking-practice/app.py', dest_path='', event_type='modified', is_directory=False, is_synthetic=False)
2025-03-04 22:18:45,746 - DEBUG - NativeEvent(path="/Users/pau/git-box/free-genai-bootcamp-2025/speaking-practice/app_debug.log", inode=72608021, flags=10400, id=300423412): is_file, is_inode_meta_mod
2025-03-04 22:18:45,746 - DEBUG - queue_event FileModifiedEvent(src_path='/Users/pau/git-box/free-genai-bootcamp-2025/speaking-practice/app_debug.log', dest_path='', event_type='modified', is_directory=False, is_synthetic=False)
2025-03-04 22:18:45,834 - DEBUG - NativeEvent(path="/Users/pau/git-box/free-genai-bootcamp-2025/speaking-practice/app_debug.log", inode=72608021, flags=11400, id=300423438): is_file, is_inode_meta_mod, is_modified
2025-03-04 22:18:45,835 - DEBUG - queue_event FileModifiedEvent(src_path='/Users/pau/git-box/free-genai-bootcamp-2025/speaking-practice/app_debug.log', dest_path='', event_type='modified', is_directory=False, is_synthetic=False)
2025-03-04 22:18:45,997 - DEBUG - NativeEvent(path="/Users/pau/git-box/free-genai-bootcamp-2025/speaking-practice/app_debug.log", inode=72608021, flags=11400, id=300423588): is_file, is_inode_meta_mod, is_modified
2025-03-04 22:18:45,997 - DEBUG - queue_event FileModifiedEvent(src_path='/Users/pau/git-box/free-genai-bootcamp-2025/speaking-practice/app_debug.log', dest_path='', event_type='modified', is_directory=False, is_synthetic=False)
2025-03-04 22:18:46,042 - DEBUG - NativeEvent(path="/Users/pau/git-box/free-genai-bootcamp-2025/speaking-practice/app_debug.log", inode=72608021, flags=11400, id=300423594): is_file, is_inode_meta_mod, is_modified
2025-03-04 22:18:46,042 - DEBUG - queue_event FileModifiedEvent(src_path='/Users/pau/git-box/free-genai-bootcamp-2025/speaking-practice/app_debug.log', dest_path='', event_type='modified', is_directory=False, is_synthetic=False)
2025-03-04 22:18:51,271 - DEBUG - NativeEvent(path="/Users/pau/git-box/free-genai-bootcamp-2025/speaking-practice/app_debug.log", inode=72608021, flags=11400, id=300423950): is_file, is_inode_meta_mod, is_modified
2025-03-04 22:18:51,272 - DEBUG - queue_event FileModifiedEvent(src_path='/Users/pau/git-box/free-genai-bootcamp-2025/speaking-practice/app_debug.log', dest_path='', event_type='modified', is_directory=False, is_synthetic=False)
2025-03-04 22:18:51,373 - DEBUG - NativeEvent(path="/Users/pau/git-box/free-genai-bootcamp-2025/speaking-practice/app_debug.log", inode=72608021, flags=11400, id=300423970): is_file, is_inode_meta_mod, is_modified
2025-03-04 22:18:51,374 - DEBUG - queue_event FileModifiedEvent(src_path='/Users/pau/git-box/free-genai-bootcamp-2025/speaking-practice/app_debug.log', dest_path='', event_type='modified', is_directory=False, is_synthetic=False)
2025-03-04 22:18:51,413 - DEBUG - NativeEvent(path="/Users/pau/git-box/free-genai-bootcamp-2025/speaking-practice/app_debug.log", inode=72608021, flags=11400, id=300423976): is_file, is_inode_meta_mod, is_modified
2025-03-04 22:18:51,413 - DEBUG - queue_event FileModifiedEvent(src_path='/Users/pau/git-box/free-genai-bootcamp-2025/speaking-practice/app_debug.log', dest_path='', event_type='modified', is_directory=False, is_synthetic=False)
2025-03-04 22:18:51,474 - DEBUG - NativeEvent(path="/Users/pau/git-box/free-genai-bootcamp-2025/speaking-practice/app_debug.log", inode=72608021, flags=11400, id=300423982): is_file, is_inode_meta_mod, is_modified
2025-03-04 22:18:51,474 - DEBUG - queue_event FileModifiedEvent(src_path='/Users/pau/git-box/free-genai-bootcamp-2025/speaking-practice/app_debug.log', dest_path='', event_type='modified', is_directory=False, is_synthetic=False)
2025-03-04 22:18:51,514 - DEBUG - NativeEvent(path="/Users/pau/git-box/free-genai-bootcamp-2025/speaking-practice/app_debug.log", inode=72608021, flags=11400, id=300423988): is_file, is_inode_meta_mod, is_modified
2025-03-04 22:18:51,514 - DEBUG - queue_event FileModifiedEvent(src_path='/Users/pau/git-box/free-genai-bootcamp-2025/speaking-practice/app_debug.log', dest_path='', event_type='modified', is_directory=False, is_synthetic=False)
2025-03-04 22:18:51,572 - DEBUG - NativeEvent(path="/Users/pau/git-box/free-genai-bootcamp-2025/speaking-practice/app_debug.log", inode=72608021, flags=11400, id=300423994): is_file, is_inode_meta_mod, is_modified
2025-03-04 22:18:51,573 - DEBUG - queue_event FileModifiedEvent(src_path='/Users/pau/git-box/free-genai-bootcamp-2025/speaking-practice/app_debug.log', dest_path='', event_type='modified', is_directory=False, is_synthetic=False)
2025-03-04 22:18:51,618 - DEBUG - NativeEvent(path="/Users/pau/git-box/free-genai-bootcamp-2025/speaking-practice/app_debug.log", inode=72608021, flags=11400, id=300424000): is_file, is_inode_meta_mod, is_modified
2025-03-04 22:18:51,618 - DEBUG - queue_event FileModifiedEvent(src_path='/Users/pau/git-box/free-genai-bootcamp-2025/speaking-practice/app_debug.log', dest_path='', event_type='modified', is_directory=False, is_synthetic=False)
2025-03-04 22:18:51,677 - DEBUG - NativeEvent(path="/Users/pau/git-box/free-genai-bootcamp-2025/speaking-practice/app_debug.log", inode=72608021, flags=11400, id=300424006): is_file, is_inode_meta_mod, is_modified
2025-03-04 22:18:51,677 - DEBUG - queue_event FileModifiedEvent(src_path='/Users/pau/git-box/free-genai-bootcamp-2025/speaking-practice/app_debug.log', dest_path='', event_type='modified', is_directory=False, is_synthetic=False)
2025-03-04 22:18:51,718 - DEBUG - NativeEvent(path="/Users/pau/git-box/free-genai-bootcamp-2025/speaking-practice/app_debug.log", inode=72608021, flags=11400, id=300424012): is_file, is_inode_meta_mod, is_modified
2025-03-04 22:18:51,718 - DEBUG - queue_event FileModifiedEvent(src_path='/Users/pau/git-box/free-genai-bootcamp-2025/speaking-practice/app_debug.log', dest_path='', event_type='modified', is_directory=False, is_synthetic=False)
2025-03-04 22:18:51,814 - DEBUG - NativeEvent(path="/Users/pau/git-box/free-genai-bootcamp-2025/speaking-practice/app_debug.log", inode=72608021, flags=11400, id=300424018): is_file, is_inode_meta_mod, is_modified
2025-03-04 22:18:51,814 - DEBUG - queue_event FileModifiedEvent(src_path='/Users/pau/git-box/free-genai-bootcamp-2025/speaking-practice/app_debug.log', dest_path='', event_type='modified', is_directory=False, is_synthetic=False)
2025-03-04 22:18:51,854 - DEBUG - NativeEvent(path="/Users/pau/git-box/free-genai-bootcamp-2025/speaking-practice/app_debug.log", inode=72608021, flags=11400, id=300424024): is_file, is_inode_meta_mod, is_modified
2025-03-04 22:18:51,854 - DEBUG - queue_event FileModifiedEvent(src_path='/Users/pau/git-box/free-genai-bootcamp-2025/speaking-practice/app_debug.log', dest_path='', event_type='modified', is_directory=False, is_synthetic=False)
2025-03-04 22:18:51,907 - DEBUG - NativeEvent(path="/Users/pau/git-box/free-genai-bootcamp-2025/speaking-practice/app_debug.log", inode=72608021, flags=11400, id=300424030): is_file, is_inode_meta_mod, is_modified
2025-03-04 22:18:51,907 - DEBUG - queue_event FileModifiedEvent(src_path='/Users/pau/git-box/free-genai-bootcamp-2025/speaking-practice/app_debug.log', dest_path='', event_type='modified', is_directory=False, is_synthetic=False)
2025-03-04 22:18:51,957 - DEBUG - NativeEvent(path="/Users/pau/git-box/free-genai-bootcamp-2025/speaking-practice/app_debug.log", inode=72608021, flags=11400, id=300424036): is_file, is_inode_meta_mod, is_modified
2025-03-04 22:18:51,957 - DEBUG - queue_event FileModifiedEvent(src_path='/Users/pau/git-box/free-genai-bootcamp-2025/speaking-practice/app_debug.log', dest_path='', event_type='modified', is_directory=False, is_synthetic=False)
2025-03-04 22:18:52,012 - DEBUG - NativeEvent(path="/Users/pau/git-box/free-genai-bootcamp-2025/speaking-practice/app_debug.log", inode=72608021, flags=11400, id=300424042): is_file, is_inode_meta_mod, is_modified
2025-03-04 22:18:52,012 - DEBUG - queue_event FileModifiedEvent(src_path='/Users/pau/git-box/free-genai-bootcamp-2025/speaking-practice/app_debug.log', dest_path='', event_type='modified', is_directory=False, is_synthetic=False)
2025-03-04 22:18:52,053 - DEBUG - NativeEvent(path="/Users/pau/git-box/free-genai-bootcamp-2025/speaking-practice/app_debug.log", inode=72608021, flags=11400, id=300424048): is_file, is_inode_meta_mod, is_modified
2025-03-04 22:18:52,053 - DEBUG - queue_event FileModifiedEvent(src_path='/Users/pau/git-box/free-genai-bootcamp-2025/speaking-practice/app_debug.log', dest_path='', event_type='modified', is_directory=False, is_synthetic=False)
2025-03-04 22:18:52,107 - DEBUG - NativeEvent(path="/Users/pau/git-box/free-genai-bootcamp-2025/speaking-practice/app_debug.log", inode=72608021, flags=11400, id=300424054): is_file, is_inode_meta_mod, is_modified
2025-03-04 22:18:52,107 - DEBUG - queue_event FileModifiedEvent(src_path='/Users/pau/git-box/free-genai-bootcamp-2025/speaking-practice/app_debug.log', dest_path='', event_type='modified', is_directory=False, is_synthetic=False)
2025-03-04 22:18:52,148 - DEBUG - NativeEvent(path="/Users/pau/git-box/free-genai-bootcamp-2025/speaking-practice/app_debug.log", inode=72608021, flags=11400, id=300424060): is_file, is_inode_meta_mod, is_modified
2025-03-04 22:18:52,149 - DEBUG - queue_event FileModifiedEvent(src_path='/Users/pau/git-box/free-genai-bootcamp-2025/speaking-practice/app_debug.log', dest_path='', event_type='modified', is_directory=False, is_synthetic=False)
2025-03-04 22:18:52,206 - DEBUG - NativeEvent(path="/Users/pau/git-box/free-genai-bootcamp-2025/speaking-practice/app_debug.log", inode=72608021, flags=11400, id=300424066): is_file, is_inode_meta_mod, is_modified
2025-03-04 22:18:52,207 - DEBUG - queue_event FileModifiedEvent(src_path='/Users/pau/git-box/free-genai-bootcamp-2025/speaking-practice/app_debug.log', dest_path='', event_type='modified', is_directory=False, is_synthetic=False)
2025-03-04 22:18:52,246 - DEBUG - NativeEvent(path="/Users/pau/git-box/free-genai-bootcamp-2025/speaking-practice/app_debug.log", inode=72608021, flags=11400, id=300424072): is_file, is_inode_meta_mod, is_modified
2025-03-04 22:18:52,246 - DEBUG - queue_event FileModifiedEvent(src_path='/Users/pau/git-box/free-genai-bootcamp-2025/speaking-practice/app_debug.log', dest_path='', event_type='modified', is_directory=False, is_synthetic=False)
2025-03-04 22:18:52,337 - DEBUG - NativeEvent(path="/Users/pau/git-box/free-genai-bootcamp-2025/speaking-practice/app_debug.log", inode=72608021, flags=11400, id=300424078): is_file, is_inode_meta_mod, is_modified
2025-03-04 22:18:52,337 - DEBUG - queue_event FileModifiedEvent(src_path='/Users/pau/git-box/free-genai-bootcamp-2025/speaking-practice/app_debug.log', dest_path='', event_type='modified', is_directory=False, is_synthetic=False)
2025-03-04 22:18:52,380 - DEBUG - NativeEvent(path="/Users/pau/git-box/free-genai-bootcamp-2025/speaking-practice/app_debug.log", inode=72608021, flags=11400, id=300424084): is_file, is_inode_meta_mod, is_modified
2025-03-04 22:18:52,380 - DEBUG - queue_event FileModifiedEvent(src_path='/Users/pau/git-box/free-genai-bootcamp-2025/speaking-practice/app_debug.log', dest_path='', event_type='modified', is_directory=False, is_synthetic=False)
2025-03-04 22:18:52,436 - DEBUG - NativeEvent(path="/Users/pau/git-box/free-genai-bootcamp-2025/speaking-practice/app_debug.log", inode=72608021, flags=11400, id=300424090): is_file, is_inode_meta_mod, is_modified
2025-03-04 22:18:52,436 - DEBUG - queue_event FileModifiedEvent(src_path='/Users/pau/git-box/free-genai-bootcamp-2025/speaking-practice/app_debug.log', dest_path='', event_type='modified', is_directory=False, is_synthetic=False)
2025-03-04 22:18:52,479 - DEBUG - NativeEvent(path="/Users/pau/git-box/free-genai-bootcamp-2025/speaking-practice/app_debug.log", inode=72608021, flags=11400, id=300424096): is_file, is_inode_meta_mod, is_modified
2025-03-04 22:18:52,480 - DEBUG - queue_event FileModifiedEvent(src_path='/Users/pau/git-box/free-genai-bootcamp-2025/speaking-practice/app_debug.log', dest_path='', event_type='modified', is_directory=False, is_synthetic=False)
2025-03-04 22:18:52,533 - DEBUG - NativeEvent(path="/Users/pau/git-box/free-genai-bootcamp-2025/speaking-practice/app_debug.log", inode=72608021, flags=11400, id=300424102): is_file, is_inode_meta_mod, is_modified
2025-03-04 22:18:52,533 - DEBUG - queue_event FileModifiedEvent(src_path='/Users/pau/git-box/free-genai-bootcamp-2025/speaking-practice/app_debug.log', dest_path='', event_type='modified', is_directory=False, is_synthetic=False)
2025-03-04 22:18:52,574 - DEBUG - NativeEvent(path="/Users/pau/git-box/free-genai-bootcamp-2025/speaking-practice/app_debug.log", inode=72608021, flags=11400, id=300424108): is_file, is_inode_meta_mod, is_modified
2025-03-04 22:18:52,574 - DEBUG - queue_event FileModifiedEvent(src_path='/Users/pau/git-box/free-genai-bootcamp-2025/speaking-practice/app_debug.log', dest_path='', event_type='modified', is_directory=False, is_synthetic=False)
2025-03-04 22:18:52,631 - DEBUG - NativeEvent(path="/Users/pau/git-box/free-genai-bootcamp-2025/speaking-practice/app_debug.log", inode=72608021, flags=11400, id=300424114): is_file, is_inode_meta_mod, is_modified
2025-03-04 22:18:52,631 - DEBUG - queue_event FileModifiedEvent(src_path='/Users/pau/git-box/free-genai-bootcamp-2025/speaking-practice/app_debug.log', dest_path='', event_type='modified', is_directory=False, is_synthetic=False)
2025-03-04 22:18:52,672 - DEBUG - NativeEvent(path="/Users/pau/git-box/free-genai-bootcamp-2025/speaking-practice/app_debug.log", inode=72608021, flags=11400, id=300424120): is_file, is_inode_meta_mod, is_modified
2025-03-04 22:18:52,672 - DEBUG - queue_event FileModifiedEvent(src_path='/Users/pau/git-box/free-genai-bootcamp-2025/speaking-practice/app_debug.log', dest_path='', event_type='modified', is_directory=False, is_synthetic=False)
2025-03-04 22:18:52,727 - DEBUG - NativeEvent(path="/Users/pau/git-box/free-genai-bootcamp-2025/speaking-practice/app_debug.log", inode=72608021, flags=11400, id=300424126): is_file, is_inode_meta_mod, is_modified
2025-03-04 22:18:52,727 - DEBUG - queue_event FileModifiedEvent(src_path='/Users/pau/git-box/free-genai-bootcamp-2025/speaking-practice/app_debug.log', dest_path='', event_type='modified', is_directory=False, is_synthetic=False)
2025-03-04 22:18:52,768 - DEBUG - NativeEvent(path="/Users/pau/git-box/free-genai-bootcamp-2025/speaking-practice/app_debug.log", inode=72608021, flags=11400, id=300424132): is_file, is_inode_meta_mod, is_modified
2025-03-04 22:18:52,769 - DEBUG - queue_event FileModifiedEvent(src_path='/Users/pau/git-box/free-genai-bootcamp-2025/speaking-practice/app_debug.log', dest_path='', event_type='modified', is_directory=False, is_synthetic=False)
2025-03-04 22:18:52,863 - DEBUG - NativeEvent(path="/Users/pau/git-box/free-genai-bootcamp-2025/speaking-practice/app_debug.log", inode=72608021, flags=11400, id=300424138): is_file, is_inode_meta_mod, is_modified
2025-03-04 22:18:52,863 - DEBUG - queue_event FileModifiedEvent(src_path='/Users/pau/git-box/free-genai-bootcamp-2025/speaking-practice/app_debug.log', dest_path='', event_type='modified', is_directory=False, is_synthetic=False)
2025-03-04 22:18:52,905 - DEBUG - NativeEvent(path="/Users/pau/git-box/free-genai-bootcamp-2025/speaking-practice/app_debug.log", inode=72608021, flags=11400, id=300424144): is_file, is_inode_meta_mod, is_modified
2025-03-04 22:18:52,905 - DEBUG - queue_event FileModifiedEvent(src_path='/Users/pau/git-box/free-genai-bootcamp-2025/speaking-practice/app_debug.log', dest_path='', event_type='modified', is_directory=False, is_synthetic=False)
2025-03-04 22:18:52,961 - DEBUG - NativeEvent(path="/Users/pau/git-box/free-genai-bootcamp-2025/speaking-practice/app_debug.log", inode=72608021, flags=11400, id=300424150): is_file, is_inode_meta_mod, is_modified
2025-03-04 22:18:52,961 - DEBUG - queue_event FileModifiedEvent(src_path='/Users/pau/git-box/free-genai-bootcamp-2025/speaking-practice/app_debug.log', dest_path='', event_type='modified', is_directory=False, is_synthetic=False)
2025-03-04 22:18:53,002 - DEBUG - NativeEvent(path="/Users/pau/git-box/free-genai-bootcamp-2025/speaking-practice/app_debug.log", inode=72608021, flags=11400, id=300424156): is_file, is_inode_meta_mod, is_modified
2025-03-04 22:18:53,002 - DEBUG - queue_event FileModifiedEvent(src_path='/Users/pau/git-box/free-genai-bootcamp-2025/speaking-practice/app_debug.log', dest_path='', event_type='modified', is_directory=False, is_synthetic=False)
2025-03-04 22:18:53,061 - DEBUG - NativeEvent(path="/Users/pau/git-box/free-genai-bootcamp-2025/speaking-practice/app_debug.log", inode=72608021, flags=11400, id=300424162): is_file, is_inode_meta_mod, is_modified
2025-03-04 22:18:53,061 - DEBUG - queue_event FileModifiedEvent(src_path='/Users/pau/git-box/free-genai-bootcamp-2025/speaking-practice/app_debug.log', dest_path='', event_type='modified', is_directory=False, is_synthetic=False)
2025-03-04 22:18:53,102 - DEBUG - NativeEvent(path="/Users/pau/git-box/free-genai-bootcamp-2025/speaking-practice/app_debug.log", inode=72608021, flags=11400, id=300424168): is_file, is_inode_meta_mod, is_modified
2025-03-04 22:18:53,102 - DEBUG - queue_event FileModifiedEvent(src_path='/Users/pau/git-box/free-genai-bootcamp-2025/speaking-practice/app_debug.log', dest_path='', event_type='modified', is_directory=False, is_synthetic=False)
2025-03-04 22:18:53,161 - DEBUG - NativeEvent(path="/Users/pau/git-box/free-genai-bootcamp-2025/speaking-practice/app_debug.log", inode=72608021, flags=11400, id=300424174): is_file, is_inode_meta_mod, is_modified
2025-03-04 22:18:53,161 - DEBUG - queue_event FileModifiedEvent(src_path='/Users/pau/git-box/free-genai-bootcamp-2025/speaking-practice/app_debug.log', dest_path='', event_type='modified', is_directory=False, is_synthetic=False)
2025-03-04 22:18:53,196 - DEBUG - NativeEvent(path="/Users/pau/git-box/free-genai-bootcamp-2025/speaking-practice/app_debug.log", inode=72608021, flags=11400, id=300424186): is_file, is_inode_meta_mod, is_modified
2025-03-04 22:18:53,196 - DEBUG - queue_event FileModifiedEvent(src_path='/Users/pau/git-box/free-genai-bootcamp-2025/speaking-practice/app_debug.log', dest_path='', event_type='modified', is_directory=False, is_synthetic=False)
2025-03-04 22:18:53,259 - DEBUG - NativeEvent(path="/Users/pau/git-box/free-genai-bootcamp-2025/speaking-practice/app_debug.log", inode=72608021, flags=11400, id=300424192): is_file, is_inode_meta_mod, is_modified
2025-03-04 22:18:53,259 - DEBUG - queue_event FileModifiedEvent(src_path='/Users/pau/git-box/free-genai-bootcamp-2025/speaking-practice/app_debug.log', dest_path='', event_type='modified', is_directory=False, is_synthetic=False)
2025-03-04 22:18:53,302 - DEBUG - NativeEvent(path="/Users/pau/git-box/free-genai-bootcamp-2025/speaking-practice/app_debug.log", inode=72608021, flags=11400, id=300424198): is_file, is_inode_meta_mod, is_modified
2025-03-04 22:18:53,302 - DEBUG - queue_event FileModifiedEvent(src_path='/Users/pau/git-box/free-genai-bootcamp-2025/speaking-practice/app_debug.log', dest_path='', event_type='modified', is_directory=False, is_synthetic=False)
2025-03-04 22:18:53,397 - DEBUG - NativeEvent(path="/Users/pau/git-box/free-genai-bootcamp-2025/speaking-practice/app_debug.log", inode=72608021, flags=11400, id=300424204): is_file, is_inode_meta_mod, is_modified
2025-03-04 22:18:53,397 - DEBUG - queue_event FileModifiedEvent(src_path='/Users/pau/git-box/free-genai-bootcamp-2025/speaking-practice/app_debug.log', dest_path='', event_type='modified', is_directory=False, is_synthetic=False)
2025-03-04 22:18:53,446 - DEBUG - NativeEvent(path="/Users/pau/git-box/free-genai-bootcamp-2025/speaking-practice/app_debug.log", inode=72608021, flags=11400, id=300424210): is_file, is_inode_meta_mod, is_modified
2025-03-04 22:18:53,446 - DEBUG - queue_event FileModifiedEvent(src_path='/Users/pau/git-box/free-genai-bootcamp-2025/speaking-practice/app_debug.log', dest_path='', event_type='modified', is_directory=False, is_synthetic=False)
2025-03-04 22:18:53,510 - DEBUG - NativeEvent(path="/Users/pau/git-box/free-genai-bootcamp-2025/speaking-practice/app_debug.log", inode=72608021, flags=11400, id=300424216): is_file, is_inode_meta_mod, is_modified
2025-03-04 22:18:53,510 - DEBUG - queue_event FileModifiedEvent(src_path='/Users/pau/git-box/free-genai-bootcamp-2025/speaking-practice/app_debug.log', dest_path='', event_type='modified', is_directory=False, is_synthetic=False)
2025-03-04 22:18:53,552 - DEBUG - NativeEvent(path="/Users/pau/git-box/free-genai-bootcamp-2025/speaking-practice/app_debug.log", inode=72608021, flags=11400, id=300424222): is_file, is_inode_meta_mod, is_modified
2025-03-04 22:18:53,552 - DEBUG - queue_event FileModifiedEvent(src_path='/Users/pau/git-box/free-genai-bootcamp-2025/speaking-practice/app_debug.log', dest_path='', event_type='modified', is_directory=False, is_synthetic=False)
2025-03-04 22:18:53,611 - DEBUG - NativeEvent(path="/Users/pau/git-box/free-genai-bootcamp-2025/speaking-practice/app_debug.log", inode=72608021, flags=11400, id=300424228): is_file, is_inode_meta_mod, is_modified
2025-03-04 22:18:53,611 - DEBUG - queue_event FileModifiedEvent(src_path='/Users/pau/git-box/free-genai-bootcamp-2025/speaking-practice/app_debug.log', dest_path='', event_type='modified', is_directory=False, is_synthetic=False)
2025-03-04 22:18:53,651 - DEBUG - NativeEvent(path="/Users/pau/git-box/free-genai-bootcamp-2025/speaking-practice/app_debug.log", inode=72608021, flags=11400, id=300424234): is_file, is_inode_meta_mod, is_modified
2025-03-04 22:18:53,651 - DEBUG - queue_event FileModifiedEvent(src_path='/Users/pau/git-box/free-genai-bootcamp-2025/speaking-practice/app_debug.log', dest_path='', event_type='modified', is_directory=False, is_synthetic=False)
2025-03-04 22:18:53,708 - DEBUG - NativeEvent(path="/Users/pau/git-box/free-genai-bootcamp-2025/speaking-practice/app_debug.log", inode=72608021, flags=11400, id=300424240): is_file, is_inode_meta_mod, is_modified
2025-03-04 22:18:53,708 - DEBUG - queue_event FileModifiedEvent(src_path='/Users/pau/git-box/free-genai-bootcamp-2025/speaking-practice/app_debug.log', dest_path='', event_type='modified', is_directory=False, is_synthetic=False)
2025-03-04 22:18:53,758 - DEBUG - NativeEvent(path="/Users/pau/git-box/free-genai-bootcamp-2025/speaking-practice/app_debug.log", inode=72608021, flags=11400, id=300424246): is_file, is_inode_meta_mod, is_modified
2025-03-04 22:18:53,758 - DEBUG - queue_event FileModifiedEvent(src_path='/Users/pau/git-box/free-genai-bootcamp-2025/speaking-practice/app_debug.log', dest_path='', event_type='modified', is_directory=False, is_synthetic=False)
2025-03-04 22:18:53,908 - DEBUG - NativeEvent(path="/Users/pau/git-box/free-genai-bootcamp-2025/speaking-practice/app_debug.log", inode=72608021, flags=11400, id=300424252): is_file, is_inode_meta_mod, is_modified
2025-03-04 22:18:53,908 - DEBUG - queue_event FileModifiedEvent(src_path='/Users/pau/git-box/free-genai-bootcamp-2025/speaking-practice/app_debug.log', dest_path='', event_type='modified', is_directory=False, is_synthetic=False)
2025-03-04 22:18:53,950 - DEBUG - NativeEvent(path="/Users/pau/git-box/free-genai-bootcamp-2025/speaking-practice/app_debug.log", inode=72608021, flags=11400, id=300424258): is_file, is_inode_meta_mod, is_modified
2025-03-04 22:18:53,950 - DEBUG - queue_event FileModifiedEvent(src_path='/Users/pau/git-box/free-genai-bootcamp-2025/speaking-practice/app_debug.log', dest_path='', event_type='modified', is_directory=False, is_synthetic=False)
2025-03-04 22:18:54,003 - DEBUG - NativeEvent(path="/Users/pau/git-box/free-genai-bootcamp-2025/speaking-practice/app_debug.log", inode=72608021, flags=11400, id=300424264): is_file, is_inode_meta_mod, is_modified
2025-03-04 22:18:54,003 - DEBUG - queue_event FileModifiedEvent(src_path='/Users/pau/git-box/free-genai-bootcamp-2025/speaking-practice/app_debug.log', dest_path='', event_type='modified', is_directory=False, is_synthetic=False)
2025-03-04 22:18:54,043 - DEBUG - NativeEvent(path="/Users/pau/git-box/free-genai-bootcamp-2025/speaking-practice/app_debug.log", inode=72608021, flags=11400, id=300424270): is_file, is_inode_meta_mod, is_modified
2025-03-04 22:18:54,044 - DEBUG - queue_event FileModifiedEvent(src_path='/Users/pau/git-box/free-genai-bootcamp-2025/speaking-practice/app_debug.log', dest_path='', event_type='modified', is_directory=False, is_synthetic=False)
2025-03-04 22:18:54,106 - DEBUG - NativeEvent(path="/Users/pau/git-box/free-genai-bootcamp-2025/speaking-practice/app_debug.log", inode=72608021, flags=11400, id=300424276): is_file, is_inode_meta_mod, is_modified
2025-03-04 22:18:54,106 - DEBUG - queue_event FileModifiedEvent(src_path='/Users/pau/git-box/free-genai-bootcamp-2025/speaking-practice/app_debug.log', dest_path='', event_type='modified', is_directory=False, is_synthetic=False)
2025-03-04 22:18:54,156 - DEBUG - NativeEvent(path="/Users/pau/git-box/free-genai-bootcamp-2025/speaking-practice/app_debug.log", inode=72608021, flags=11400, id=300424282): is_file, is_inode_meta_mod, is_modified
2025-03-04 22:18:54,157 - DEBUG - queue_event FileModifiedEvent(src_path='/Users/pau/git-box/free-genai-bootcamp-2025/speaking-practice/app_debug.log', dest_path='', event_type='modified', is_directory=False, is_synthetic=False)
2025-03-04 22:18:54,225 - DEBUG - NativeEvent(path="/Users/pau/git-box/free-genai-bootcamp-2025/speaking-practice/app_debug.log", inode=72608021, flags=11400, id=300424288): is_file, is_inode_meta_mod, is_modified
2025-03-04 22:18:54,225 - DEBUG - queue_event FileModifiedEvent(src_path='/Users/pau/git-box/free-genai-bootcamp-2025/speaking-practice/app_debug.log', dest_path='', event_type='modified', is_directory=False, is_synthetic=False)
2025-03-04 22:18:54,270 - DEBUG - NativeEvent(path="/Users/pau/git-box/free-genai-bootcamp-2025/speaking-practice/app_debug.log", inode=72608021, flags=11400, id=300424294): is_file, is_inode_meta_mod, is_modified
2025-03-04 22:18:54,270 - DEBUG - queue_event FileModifiedEvent(src_path='/Users/pau/git-box/free-genai-bootcamp-2025/speaking-practice/app_debug.log', dest_path='', event_type='modified', is_directory=False, is_synthetic=False)
2025-03-04 22:18:54,333 - DEBUG - NativeEvent(path="/Users/pau/git-box/free-genai-bootcamp-2025/speaking-practice/app_debug.log", inode=72608021, flags=11400, id=300424300): is_file, is_inode_meta_mod, is_modified
2025-03-04 22:18:54,333 - DEBUG - queue_event FileModifiedEvent(src_path='/Users/pau/git-box/free-genai-bootcamp-2025/speaking-practice/app_debug.log', dest_path='', event_type='modified', is_directory=False, is_synthetic=False)
2025-03-04 22:18:54,380 - DEBUG - NativeEvent(path="/Users/pau/git-box/free-genai-bootcamp-2025/speaking-practice/app_debug.log", inode=72608021, flags=11400, id=300424303): is_file, is_inode_meta_mod, is_modified
2025-03-04 22:18:54,380 - DEBUG - queue_event FileModifiedEvent(src_path='/Users/pau/git-box/free-genai-bootcamp-2025/speaking-practice/app_debug.log', dest_path='', event_type='modified', is_directory=False, is_synthetic=False)
2025-03-04 22:18:54,419 - DEBUG - NativeEvent(path="/Users/pau/git-box/free-genai-bootcamp-2025/speaking-practice/app_debug.log", inode=72608021, flags=11400, id=300424309): is_file, is_inode_meta_mod, is_modified
2025-03-04 22:18:54,419 - DEBUG - queue_event FileModifiedEvent(src_path='/Users/pau/git-box/free-genai-bootcamp-2025/speaking-practice/app_debug.log', dest_path='', event_type='modified', is_directory=False, is_synthetic=False)
2025-03-04 22:18:54,460 - DEBUG - NativeEvent(path="/Users/pau/git-box/free-genai-bootcamp-2025/speaking-practice/app_debug.log", inode=72608021, flags=11400, id=300424312): is_file, is_inode_meta_mod, is_modified
2025-03-04 22:18:54,460 - DEBUG - queue_event FileModifiedEvent(src_path='/Users/pau/git-box/free-genai-bootcamp-2025/speaking-practice/app_debug.log', dest_path='', event_type='modified', is_directory=False, is_synthetic=False)
2025-03-04 22:19:18,767 - DEBUG - NativeEvent(path="/Users/pau/git-box/free-genai-bootcamp-2025/speaking-practice/app_debug.log", inode=72608021, flags=10400, id=300425510): is_file, is_inode_meta_mod
2025-03-04 22:19:18,768 - DEBUG - queue_event FileModifiedEvent(src_path='/Users/pau/git-box/free-genai-bootcamp-2025/speaking-practice/app_debug.log', dest_path='', event_type='modified', is_directory=False, is_synthetic=False)
2025-03-04 22:19:18,826 - DEBUG - NativeEvent(path="/Users/pau/git-box/free-genai-bootcamp-2025/speaking-practice/app_debug.log", inode=72608021, flags=11400, id=300425513): is_file, is_inode_meta_mod, is_modified
2025-03-04 22:19:18,827 - DEBUG - queue_event FileModifiedEvent(src_path='/Users/pau/git-box/free-genai-bootcamp-2025/speaking-practice/app_debug.log', dest_path='', event_type='modified', is_directory=False, is_synthetic=False)
2025-03-04 22:19:31,004 - DEBUG - NativeEvent(path="/Users/pau/git-box/free-genai-bootcamp-2025/speaking-practice/app_debug.log", inode=72608021, flags=11400, id=300425762): is_file, is_inode_meta_mod, is_modified
2025-03-04 22:19:31,005 - DEBUG - queue_event FileModifiedEvent(src_path='/Users/pau/git-box/free-genai-bootcamp-2025/speaking-practice/app_debug.log', dest_path='', event_type='modified', is_directory=False, is_synthetic=False)
2025-03-04 22:19:31,068 - DEBUG - NativeEvent(path="/Users/pau/git-box/free-genai-bootcamp-2025/speaking-practice/app_debug.log", inode=72608021, flags=11400, id=300425765): is_file, is_inode_meta_mod, is_modified
2025-03-04 22:19:31,068 - DEBUG - queue_event FileModifiedEvent(src_path='/Users/pau/git-box/free-genai-bootcamp-2025/speaking-practice/app_debug.log', dest_path='', event_type='modified', is_directory=False, is_synthetic=False)
2025-03-04 22:19:31,255 - DEBUG - NativeEvent(path="/Users/pau/git-box/free-genai-bootcamp-2025/speaking-practice/app_debug.log", inode=72608021, flags=11400, id=300425810): is_file, is_inode_meta_mod, is_modified
2025-03-04 22:19:31,255 - DEBUG - queue_event FileModifiedEvent(src_path='/Users/pau/git-box/free-genai-bootcamp-2025/speaking-practice/app_debug.log', dest_path='', event_type='modified', is_directory=False, is_synthetic=False)
2025-03-04 22:19:31,308 - DEBUG - NativeEvent(path="/Users/pau/git-box/free-genai-bootcamp-2025/speaking-practice/app_debug.log", inode=72608021, flags=11400, id=300425813): is_file, is_inode_meta_mod, is_modified
2025-03-04 22:19:31,308 - DEBUG - queue_event FileModifiedEvent(src_path='/Users/pau/git-box/free-genai-bootcamp-2025/speaking-practice/app_debug.log', dest_path='', event_type='modified', is_directory=False, is_synthetic=False)
2025-03-04 22:19:32,877 - DEBUG - NativeEvent(path="/Users/pau/git-box/free-genai-bootcamp-2025/speaking-practice/app_debug.log", inode=72608021, flags=11400, id=300425816): is_file, is_inode_meta_mod, is_modified
2025-03-04 22:19:32,877 - DEBUG - queue_event FileModifiedEvent(src_path='/Users/pau/git-box/free-genai-bootcamp-2025/speaking-practice/app_debug.log', dest_path='', event_type='modified', is_directory=False, is_synthetic=False)
2025-03-04 22:19:32,946 - DEBUG - NativeEvent(path="/Users/pau/git-box/free-genai-bootcamp-2025/speaking-practice/app_debug.log", inode=72608021, flags=11400, id=300425822): is_file, is_inode_meta_mod, is_modified
2025-03-04 22:19:32,946 - DEBUG - queue_event FileModifiedEvent(src_path='/Users/pau/git-box/free-genai-bootcamp-2025/speaking-practice/app_debug.log', dest_path='', event_type='modified', is_directory=False, is_synthetic=False)
2025-03-04 22:19:32,996 - DEBUG - NativeEvent(path="/Users/pau/git-box/free-genai-bootcamp-2025/speaking-practice/app_debug.log", inode=72608021, flags=11400, id=300425828): is_file, is_inode_meta_mod, is_modified
2025-03-04 22:19:32,996 - DEBUG - queue_event FileModifiedEvent(src_path='/Users/pau/git-box/free-genai-bootcamp-2025/speaking-practice/app_debug.log', dest_path='', event_type='modified', is_directory=False, is_synthetic=False)
2025-03-04 22:19:33,053 - DEBUG - NativeEvent(path="/Users/pau/git-box/free-genai-bootcamp-2025/speaking-practice/app_debug.log", inode=72608021, flags=11400, id=300425834): is_file, is_inode_meta_mod, is_modified
2025-03-04 22:19:33,053 - DEBUG - queue_event FileModifiedEvent(src_path='/Users/pau/git-box/free-genai-bootcamp-2025/speaking-practice/app_debug.log', dest_path='', event_type='modified', is_directory=False, is_synthetic=False)
2025-03-04 22:19:33,100 - DEBUG - NativeEvent(path="/Users/pau/git-box/free-genai-bootcamp-2025/speaking-practice/app_debug.log", inode=72608021, flags=11400, id=300425840): is_file, is_inode_meta_mod, is_modified
2025-03-04 22:19:33,100 - DEBUG - queue_event FileModifiedEvent(src_path='/Users/pau/git-box/free-genai-bootcamp-2025/speaking-practice/app_debug.log', dest_path='', event_type='modified', is_directory=False, is_synthetic=False)
2025-03-04 22:19:33,149 - DEBUG - NativeEvent(path="/Users/pau/git-box/free-genai-bootcamp-2025/speaking-practice/app_debug.log", inode=72608021, flags=11400, id=300425843): is_file, is_inode_meta_mod, is_modified
2025-03-04 22:19:33,150 - DEBUG - queue_event FileModifiedEvent(src_path='/Users/pau/git-box/free-genai-bootcamp-2025/speaking-practice/app_debug.log', dest_path='', event_type='modified', is_directory=False, is_synthetic=False)
2025-03-04 22:19:40,404 - DEBUG - NativeEvent(path="/Users/pau/git-box/free-genai-bootcamp-2025/speaking-practice/app_debug.log", inode=72608021, flags=10400, id=300425924): is_file, is_inode_meta_mod
2025-03-04 22:19:40,404 - DEBUG - queue_event FileModifiedEvent(src_path='/Users/pau/git-box/free-genai-bootcamp-2025/speaking-practice/app_debug.log', dest_path='', event_type='modified', is_directory=False, is_synthetic=False)
2025-03-04 22:19:40,484 - DEBUG - NativeEvent(path="/Users/pau/git-box/free-genai-bootcamp-2025/speaking-practice/app_debug.log", inode=72608021, flags=11400, id=300425927): is_file, is_inode_meta_mod, is_modified
2025-03-04 22:19:40,484 - DEBUG - queue_event FileModifiedEvent(src_path='/Users/pau/git-box/free-genai-bootcamp-2025/speaking-practice/app_debug.log', dest_path='', event_type='modified', is_directory=False, is_synthetic=False)
2025-03-04 22:19:50,297 - DEBUG - NativeEvent(path="/Users/pau/git-box/free-genai-bootcamp-2025/speaking-practice/app_debug.log", inode=72608021, flags=11400, id=300426255): is_file, is_inode_meta_mod, is_modified
2025-03-04 22:19:50,298 - DEBUG - queue_event FileModifiedEvent(src_path='/Users/pau/git-box/free-genai-bootcamp-2025/speaking-practice/app_debug.log', dest_path='', event_type='modified', is_directory=False, is_synthetic=False)
2025-03-04 22:19:50,343 - DEBUG - NativeEvent(path="/Users/pau/git-box/free-genai-bootcamp-2025/speaking-practice/app_debug.log", inode=72608021, flags=11400, id=300426258): is_file, is_inode_meta_mod, is_modified
2025-03-04 22:19:50,343 - DEBUG - queue_event FileModifiedEvent(src_path='/Users/pau/git-box/free-genai-bootcamp-2025/speaking-practice/app_debug.log', dest_path='', event_type='modified', is_directory=False, is_synthetic=False)
2025-03-04 22:19:50,552 - DEBUG - NativeEvent(path="/Users/pau/git-box/free-genai-bootcamp-2025/speaking-practice/app_debug.log", inode=72608021, flags=11400, id=300426297): is_file, is_inode_meta_mod, is_modified
2025-03-04 22:19:50,552 - DEBUG - queue_event FileModifiedEvent(src_path='/Users/pau/git-box/free-genai-bootcamp-2025/speaking-practice/app_debug.log', dest_path='', event_type='modified', is_directory=False, is_synthetic=False)
2025-03-04 22:19:50,608 - DEBUG - NativeEvent(path="/Users/pau/git-box/free-genai-bootcamp-2025/speaking-practice/app_debug.log", inode=72608021, flags=11400, id=300426300): is_file, is_inode_meta_mod, is_modified
2025-03-04 22:19:50,608 - DEBUG - queue_event FileModifiedEvent(src_path='/Users/pau/git-box/free-genai-bootcamp-2025/speaking-practice/app_debug.log', dest_path='', event_type='modified', is_directory=False, is_synthetic=False)
2025-03-04 22:19:54,943 - DEBUG - NativeEvent(path="/Users/pau/git-box/free-genai-bootcamp-2025/speaking-practice/app_debug.log", inode=72608021, flags=11400, id=300426474): is_file, is_inode_meta_mod, is_modified
2025-03-04 22:19:54,944 - DEBUG - queue_event FileModifiedEvent(src_path='/Users/pau/git-box/free-genai-bootcamp-2025/speaking-practice/app_debug.log', dest_path='', event_type='modified', is_directory=False, is_synthetic=False)
2025-03-04 22:19:56,034 - DEBUG - NativeEvent(path="/Users/pau/git-box/free-genai-bootcamp-2025/speaking-practice/app_debug.log", inode=72608021, flags=11400, id=300426561): is_file, is_inode_meta_mod, is_modified
2025-03-04 22:19:56,035 - DEBUG - queue_event FileModifiedEvent(src_path='/Users/pau/git-box/free-genai-bootcamp-2025/speaking-practice/app_debug.log', dest_path='', event_type='modified', is_directory=False, is_synthetic=False)
2025-03-04 22:19:56,084 - DEBUG - NativeEvent(path="/Users/pau/git-box/free-genai-bootcamp-2025/speaking-practice/app_debug.log", inode=72608021, flags=11400, id=300426567): is_file, is_inode_meta_mod, is_modified
2025-03-04 22:19:56,084 - DEBUG - queue_event FileModifiedEvent(src_path='/Users/pau/git-box/free-genai-bootcamp-2025/speaking-practice/app_debug.log', dest_path='', event_type='modified', is_directory=False, is_synthetic=False)
2025-03-04 22:19:56,158 - DEBUG - NativeEvent(path="/Users/pau/git-box/free-genai-bootcamp-2025/speaking-practice/app_debug.log", inode=72608021, flags=11400, id=300426570): is_file, is_inode_meta_mod, is_modified
2025-03-04 22:19:56,159 - DEBUG - queue_event FileModifiedEvent(src_path='/Users/pau/git-box/free-genai-bootcamp-2025/speaking-practice/app_debug.log', dest_path='', event_type='modified', is_directory=False, is_synthetic=False)
2025-03-04 22:19:56,205 - DEBUG - NativeEvent(path="/Users/pau/git-box/free-genai-bootcamp-2025/speaking-practice/app_debug.log", inode=72608021, flags=11400, id=300426573): is_file, is_inode_meta_mod, is_modified
2025-03-04 22:19:56,205 - DEBUG - queue_event FileModifiedEvent(src_path='/Users/pau/git-box/free-genai-bootcamp-2025/speaking-practice/app_debug.log', dest_path='', event_type='modified', is_directory=False, is_synthetic=False)
2025-03-04 22:20:00,081 - DEBUG - NativeEvent(path="/Users/pau/git-box/free-genai-bootcamp-2025/speaking-practice/app_debug.log", inode=72608021, flags=11400, id=300426601): is_file, is_inode_meta_mod, is_modified
2025-03-04 22:20:00,082 - DEBUG - queue_event FileModifiedEvent(src_path='/Users/pau/git-box/free-genai-bootcamp-2025/speaking-practice/app_debug.log', dest_path='', event_type='modified', is_directory=False, is_synthetic=False)
2025-03-04 22:20:00,150 - DEBUG - NativeEvent(path="/Users/pau/git-box/free-genai-bootcamp-2025/speaking-practice/app_debug.log", inode=72608021, flags=11400, id=300426607): is_file, is_inode_meta_mod, is_modified
2025-03-04 22:20:00,151 - DEBUG - queue_event FileModifiedEvent(src_path='/Users/pau/git-box/free-genai-bootcamp-2025/speaking-practice/app_debug.log', dest_path='', event_type='modified', is_directory=False, is_synthetic=False)
2025-03-04 22:20:00,196 - DEBUG - NativeEvent(path="/Users/pau/git-box/free-genai-bootcamp-2025/speaking-practice/app_debug.log", inode=72608021, flags=11400, id=300426610): is_file, is_inode_meta_mod, is_modified
2025-03-04 22:20:00,196 - DEBUG - queue_event FileModifiedEvent(src_path='/Users/pau/git-box/free-genai-bootcamp-2025/speaking-practice/app_debug.log', dest_path='', event_type='modified', is_directory=False, is_synthetic=False)
2025-03-04 22:32:09,454 - DEBUG - NativeEvent(path="/Users/pau/git-box/free-genai-bootcamp-2025/speaking-practice/app.py", inode=72567091, flags=10400, id=300439761): is_file, is_inode_meta_mod
2025-03-04 22:32:09,456 - DEBUG - queue_event FileModifiedEvent(src_path='/Users/pau/git-box/free-genai-bootcamp-2025/speaking-practice/app.py', dest_path='', event_type='modified', is_directory=False, is_synthetic=False)
2025-03-04 22:32:09,465 - DEBUG - NativeEvent(path="/Users/pau/git-box/free-genai-bootcamp-2025/speaking-practice/app.py", inode=72567091, flags=11400, id=300439764): is_file, is_inode_meta_mod, is_modified
2025-03-04 22:32:09,466 - DEBUG - queue_event FileModifiedEvent(src_path='/Users/pau/git-box/free-genai-bootcamp-2025/speaking-practice/app.py', dest_path='', event_type='modified', is_directory=False, is_synthetic=False)
2025-03-04 22:32:10,807 - DEBUG - NativeEvent(path="/Users/pau/git-box/free-genai-bootcamp-2025/speaking-practice/app_debug.log", inode=72608021, flags=10400, id=300440083): is_file, is_inode_meta_mod
2025-03-04 22:32:10,807 - DEBUG - queue_event FileModifiedEvent(src_path='/Users/pau/git-box/free-genai-bootcamp-2025/speaking-practice/app_debug.log', dest_path='', event_type='modified', is_directory=False, is_synthetic=False)
2025-03-04 22:32:10,869 - DEBUG - NativeEvent(path="/Users/pau/git-box/free-genai-bootcamp-2025/speaking-practice/app_debug.log", inode=72608021, flags=11400, id=300440086): is_file, is_inode_meta_mod, is_modified
2025-03-04 22:32:10,869 - DEBUG - queue_event FileModifiedEvent(src_path='/Users/pau/git-box/free-genai-bootcamp-2025/speaking-practice/app_debug.log', dest_path='', event_type='modified', is_directory=False, is_synthetic=False)
2025-03-04 22:32:11,042 - DEBUG - NativeEvent(path="/Users/pau/git-box/free-genai-bootcamp-2025/speaking-practice/app_debug.log", inode=72608021, flags=11400, id=300440092): is_file, is_inode_meta_mod, is_modified
2025-03-04 22:32:11,042 - DEBUG - queue_event FileModifiedEvent(src_path='/Users/pau/git-box/free-genai-bootcamp-2025/speaking-practice/app_debug.log', dest_path='', event_type='modified', is_directory=False, is_synthetic=False)
2025-03-04 22:32:11,092 - DEBUG - NativeEvent(path="/Users/pau/git-box/free-genai-bootcamp-2025/speaking-practice/app_debug.log", inode=72608021, flags=11400, id=300440095): is_file, is_inode_meta_mod, is_modified
2025-03-04 22:32:11,092 - DEBUG - queue_event FileModifiedEvent(src_path='/Users/pau/git-box/free-genai-bootcamp-2025/speaking-practice/app_debug.log', dest_path='', event_type='modified', is_directory=False, is_synthetic=False)
2025-03-04 22:32:14,871 - DEBUG - NativeEvent(path="/Users/pau/git-box/free-genai-bootcamp-2025/speaking-practice/app_debug.log", inode=72608021, flags=11400, id=300440256): is_file, is_inode_meta_mod, is_modified
2025-03-04 22:32:14,872 - DEBUG - queue_event FileModifiedEvent(src_path='/Users/pau/git-box/free-genai-bootcamp-2025/speaking-practice/app_debug.log', dest_path='', event_type='modified', is_directory=False, is_synthetic=False)
2025-03-04 22:32:14,955 - DEBUG - NativeEvent(path="/Users/pau/git-box/free-genai-bootcamp-2025/speaking-practice/app_debug.log", inode=72608021, flags=11400, id=300440262): is_file, is_inode_meta_mod, is_modified
2025-03-04 22:32:14,955 - DEBUG - queue_event FileModifiedEvent(src_path='/Users/pau/git-box/free-genai-bootcamp-2025/speaking-practice/app_debug.log', dest_path='', event_type='modified', is_directory=False, is_synthetic=False)
2025-03-04 22:32:15,008 - DEBUG - NativeEvent(path="/Users/pau/git-box/free-genai-bootcamp-2025/speaking-practice/app_debug.log", inode=72608021, flags=11400, id=300440288): is_file, is_inode_meta_mod, is_modified
2025-03-04 22:32:15,009 - DEBUG - queue_event FileModifiedEvent(src_path='/Users/pau/git-box/free-genai-bootcamp-2025/speaking-practice/app_debug.log', dest_path='', event_type='modified', is_directory=False, is_synthetic=False)
2025-03-04 22:32:15,022 - DEBUG - NativeEvent(path="/Users/pau/git-box/free-genai-bootcamp-2025/speaking-practice/app_debug.log", inode=72608021, flags=11400, id=300440291): is_file, is_inode_meta_mod, is_modified
2025-03-04 22:32:15,022 - DEBUG - queue_event FileModifiedEvent(src_path='/Users/pau/git-box/free-genai-bootcamp-2025/speaking-practice/app_debug.log', dest_path='', event_type='modified', is_directory=False, is_synthetic=False)
2025-03-04 22:32:15,085 - DEBUG - NativeEvent(path="/Users/pau/git-box/free-genai-bootcamp-2025/speaking-practice/app_debug.log", inode=72608021, flags=11400, id=300440297): is_file, is_inode_meta_mod, is_modified
2025-03-04 22:32:15,085 - DEBUG - queue_event FileModifiedEvent(src_path='/Users/pau/git-box/free-genai-bootcamp-2025/speaking-practice/app_debug.log', dest_path='', event_type='modified', is_directory=False, is_synthetic=False)
2025-03-04 22:32:15,139 - DEBUG - NativeEvent(path="/Users/pau/git-box/free-genai-bootcamp-2025/speaking-practice/app_debug.log", inode=72608021, flags=11400, id=300440303): is_file, is_inode_meta_mod, is_modified
2025-03-04 22:32:15,139 - DEBUG - queue_event FileModifiedEvent(src_path='/Users/pau/git-box/free-genai-bootcamp-2025/speaking-practice/app_debug.log', dest_path='', event_type='modified', is_directory=False, is_synthetic=False)
2025-03-04 22:32:15,179 - DEBUG - NativeEvent(path="/Users/pau/git-box/free-genai-bootcamp-2025/speaking-practice/app_debug.log", inode=72608021, flags=11400, id=300440306): is_file, is_inode_meta_mod, is_modified
2025-03-04 22:32:15,179 - DEBUG - queue_event FileModifiedEvent(src_path='/Users/pau/git-box/free-genai-bootcamp-2025/speaking-practice/app_debug.log', dest_path='', event_type='modified', is_directory=False, is_synthetic=False)
2025-03-04 22:32:15,237 - DEBUG - NativeEvent(path="/Users/pau/git-box/free-genai-bootcamp-2025/speaking-practice/app_debug.log", inode=72608021, flags=11400, id=300440309): is_file, is_inode_meta_mod, is_modified
2025-03-04 22:32:15,237 - DEBUG - queue_event FileModifiedEvent(src_path='/Users/pau/git-box/free-genai-bootcamp-2025/speaking-practice/app_debug.log', dest_path='', event_type='modified', is_directory=False, is_synthetic=False)
2025-03-04 22:32:19,433 - DEBUG - NativeEvent(path="/Users/pau/git-box/free-genai-bootcamp-2025/speaking-practice/app_debug.log", inode=72608021, flags=11400, id=300440485): is_file, is_inode_meta_mod, is_modified
2025-03-04 22:32:19,433 - DEBUG - queue_event FileModifiedEvent(src_path='/Users/pau/git-box/free-genai-bootcamp-2025/speaking-practice/app_debug.log', dest_path='', event_type='modified', is_directory=False, is_synthetic=False)
2025-03-04 22:32:19,502 - DEBUG - NativeEvent(path="/Users/pau/git-box/free-genai-bootcamp-2025/speaking-practice/app_debug.log", inode=72608021, flags=11400, id=300440488): is_file, is_inode_meta_mod, is_modified
2025-03-04 22:32:19,503 - DEBUG - queue_event FileModifiedEvent(src_path='/Users/pau/git-box/free-genai-bootcamp-2025/speaking-practice/app_debug.log', dest_path='', event_type='modified', is_directory=False, is_synthetic=False)
2025-03-04 22:32:31,236 - DEBUG - NativeEvent(path="/Users/pau/git-box/free-genai-bootcamp-2025/speaking-practice/app_debug.log", inode=72608021, flags=11400, id=300440872): is_file, is_inode_meta_mod, is_modified
2025-03-04 22:32:31,237 - DEBUG - queue_event FileModifiedEvent(src_path='/Users/pau/git-box/free-genai-bootcamp-2025/speaking-practice/app_debug.log', dest_path='', event_type='modified', is_directory=False, is_synthetic=False)
2025-03-04 22:32:31,284 - DEBUG - NativeEvent(path="/Users/pau/git-box/free-genai-bootcamp-2025/speaking-practice/app_debug.log", inode=72608021, flags=11400, id=300440875): is_file, is_inode_meta_mod, is_modified
2025-03-04 22:32:31,284 - DEBUG - queue_event FileModifiedEvent(src_path='/Users/pau/git-box/free-genai-bootcamp-2025/speaking-practice/app_debug.log', dest_path='', event_type='modified', is_directory=False, is_synthetic=False)
2025-03-04 22:32:31,440 - DEBUG - NativeEvent(path="/Users/pau/git-box/free-genai-bootcamp-2025/speaking-practice/app_debug.log", inode=72608021, flags=11400, id=300440878): is_file, is_inode_meta_mod, is_modified
2025-03-04 22:32:31,441 - DEBUG - queue_event FileModifiedEvent(src_path='/Users/pau/git-box/free-genai-bootcamp-2025/speaking-practice/app_debug.log', dest_path='', event_type='modified', is_directory=False, is_synthetic=False)
2025-03-04 22:32:31,488 - DEBUG - NativeEvent(path="/Users/pau/git-box/free-genai-bootcamp-2025/speaking-practice/app_debug.log", inode=72608021, flags=11400, id=300440881): is_file, is_inode_meta_mod, is_modified
2025-03-04 22:32:31,488 - DEBUG - queue_event FileModifiedEvent(src_path='/Users/pau/git-box/free-genai-bootcamp-2025/speaking-practice/app_debug.log', dest_path='', event_type='modified', is_directory=False, is_synthetic=False)
2025-03-04 22:32:54,685 - DEBUG - NativeEvent(path="/Users/pau/git-box/free-genai-bootcamp-2025/speaking-practice/app_debug.log", inode=72608021, flags=10400, id=300441902): is_file, is_inode_meta_mod
2025-03-04 22:32:54,685 - DEBUG - queue_event FileModifiedEvent(src_path='/Users/pau/git-box/free-genai-bootcamp-2025/speaking-practice/app_debug.log', dest_path='', event_type='modified', is_directory=False, is_synthetic=False)
2025-03-04 22:32:54,730 - DEBUG - NativeEvent(path="/Users/pau/git-box/free-genai-bootcamp-2025/speaking-practice/app_debug.log", inode=72608021, flags=11400, id=300441905): is_file, is_inode_meta_mod, is_modified
2025-03-04 22:32:54,730 - DEBUG - queue_event FileModifiedEvent(src_path='/Users/pau/git-box/free-genai-bootcamp-2025/speaking-practice/app_debug.log', dest_path='', event_type='modified', is_directory=False, is_synthetic=False)
2025-03-04 22:32:54,902 - DEBUG - NativeEvent(path="/Users/pau/git-box/free-genai-bootcamp-2025/speaking-practice/app_debug.log", inode=72608021, flags=11400, id=300441923): is_file, is_inode_meta_mod, is_modified
2025-03-04 22:32:54,902 - DEBUG - queue_event FileModifiedEvent(src_path='/Users/pau/git-box/free-genai-bootcamp-2025/speaking-practice/app_debug.log', dest_path='', event_type='modified', is_directory=False, is_synthetic=False)
2025-03-04 22:32:54,953 - DEBUG - NativeEvent(path="/Users/pau/git-box/free-genai-bootcamp-2025/speaking-practice/app_debug.log", inode=72608021, flags=11400, id=300441926): is_file, is_inode_meta_mod, is_modified
2025-03-04 22:32:54,953 - DEBUG - queue_event FileModifiedEvent(src_path='/Users/pau/git-box/free-genai-bootcamp-2025/speaking-practice/app_debug.log', dest_path='', event_type='modified', is_directory=False, is_synthetic=False)
2025-03-04 22:32:56,969 - DEBUG - NativeEvent(path="/Users/pau/git-box/free-genai-bootcamp-2025/speaking-practice/app_debug.log", inode=72608021, flags=11400, id=300442030): is_file, is_inode_meta_mod, is_modified
2025-03-04 22:32:56,970 - DEBUG - queue_event FileModifiedEvent(src_path='/Users/pau/git-box/free-genai-bootcamp-2025/speaking-practice/app_debug.log', dest_path='', event_type='modified', is_directory=False, is_synthetic=False)
2025-03-04 22:32:57,044 - DEBUG - NativeEvent(path="/Users/pau/git-box/free-genai-bootcamp-2025/speaking-practice/app_debug.log", inode=72608021, flags=11400, id=300442036): is_file, is_inode_meta_mod, is_modified
2025-03-04 22:32:57,044 - DEBUG - queue_event FileModifiedEvent(src_path='/Users/pau/git-box/free-genai-bootcamp-2025/speaking-practice/app_debug.log', dest_path='', event_type='modified', is_directory=False, is_synthetic=False)
2025-03-04 22:32:57,099 - DEBUG - NativeEvent(path="/Users/pau/git-box/free-genai-bootcamp-2025/speaking-practice/app_debug.log", inode=72608021, flags=11400, id=300442042): is_file, is_inode_meta_mod, is_modified
2025-03-04 22:32:57,099 - DEBUG - queue_event FileModifiedEvent(src_path='/Users/pau/git-box/free-genai-bootcamp-2025/speaking-practice/app_debug.log', dest_path='', event_type='modified', is_directory=False, is_synthetic=False)
2025-03-04 22:32:57,204 - DEBUG - NativeEvent(path="/Users/pau/git-box/free-genai-bootcamp-2025/speaking-practice/app_debug.log", inode=72608021, flags=11400, id=300442048): is_file, is_inode_meta_mod, is_modified
2025-03-04 22:32:57,204 - DEBUG - queue_event FileModifiedEvent(src_path='/Users/pau/git-box/free-genai-bootcamp-2025/speaking-practice/app_debug.log', dest_path='', event_type='modified', is_directory=False, is_synthetic=False)
2025-03-04 22:32:57,262 - DEBUG - NativeEvent(path="/Users/pau/git-box/free-genai-bootcamp-2025/speaking-practice/app_debug.log", inode=72608021, flags=11400, id=300442054): is_file, is_inode_meta_mod, is_modified
2025-03-04 22:32:57,263 - DEBUG - queue_event FileModifiedEvent(src_path='/Users/pau/git-box/free-genai-bootcamp-2025/speaking-practice/app_debug.log', dest_path='', event_type='modified', is_directory=False, is_synthetic=False)
2025-03-04 22:32:57,329 - DEBUG - NativeEvent(path="/Users/pau/git-box/free-genai-bootcamp-2025/speaking-practice/app_debug.log", inode=72608021, flags=11400, id=300442060): is_file, is_inode_meta_mod, is_modified
2025-03-04 22:32:57,329 - DEBUG - queue_event FileModifiedEvent(src_path='/Users/pau/git-box/free-genai-bootcamp-2025/speaking-practice/app_debug.log', dest_path='', event_type='modified', is_directory=False, is_synthetic=False)
2025-03-04 22:32:57,366 - DEBUG - NativeEvent(path="/Users/pau/git-box/free-genai-bootcamp-2025/speaking-practice/app_debug.log", inode=72608021, flags=11400, id=300442063): is_file, is_inode_meta_mod, is_modified
2025-03-04 22:32:57,366 - DEBUG - queue_event FileModifiedEvent(src_path='/Users/pau/git-box/free-genai-bootcamp-2025/speaking-practice/app_debug.log', dest_path='', event_type='modified', is_directory=False, is_synthetic=False)
2025-03-04 22:32:57,413 - DEBUG - NativeEvent(path="/Users/pau/git-box/free-genai-bootcamp-2025/speaking-practice/app_debug.log", inode=72608021, flags=11400, id=300442069): is_file, is_inode_meta_mod, is_modified
2025-03-04 22:32:57,413 - DEBUG - queue_event FileModifiedEvent(src_path='/Users/pau/git-box/free-genai-bootcamp-2025/speaking-practice/app_debug.log', dest_path='', event_type='modified', is_directory=False, is_synthetic=False)
2025-03-04 22:32:57,455 - DEBUG - NativeEvent(path="/Users/pau/git-box/free-genai-bootcamp-2025/speaking-practice/app_debug.log", inode=72608021, flags=11400, id=300442072): is_file, is_inode_meta_mod, is_modified
2025-03-04 22:32:57,455 - DEBUG - queue_event FileModifiedEvent(src_path='/Users/pau/git-box/free-genai-bootcamp-2025/speaking-practice/app_debug.log', dest_path='', event_type='modified', is_directory=False, is_synthetic=False)
2025-03-04 22:33:11,748 - DEBUG - NativeEvent(path="/Users/pau/git-box/free-genai-bootcamp-2025/speaking-practice/app_debug.log", inode=72608021, flags=10400, id=300442211): is_file, is_inode_meta_mod
2025-03-04 22:33:11,748 - DEBUG - queue_event FileModifiedEvent(src_path='/Users/pau/git-box/free-genai-bootcamp-2025/speaking-practice/app_debug.log', dest_path='', event_type='modified', is_directory=False, is_synthetic=False)
2025-03-04 22:33:11,824 - DEBUG - NativeEvent(path="/Users/pau/git-box/free-genai-bootcamp-2025/speaking-practice/app_debug.log", inode=72608021, flags=11400, id=300442214): is_file, is_inode_meta_mod, is_modified
2025-03-04 22:33:11,824 - DEBUG - queue_event FileModifiedEvent(src_path='/Users/pau/git-box/free-genai-bootcamp-2025/speaking-practice/app_debug.log', dest_path='', event_type='modified', is_directory=False, is_synthetic=False)
2025-03-04 22:33:36,367 - DEBUG - NativeEvent(path="/Users/pau/git-box/free-genai-bootcamp-2025/speaking-practice/app_debug.log", inode=72608021, flags=11400, id=300442651): is_file, is_inode_meta_mod, is_modified
2025-03-04 22:33:36,368 - DEBUG - queue_event FileModifiedEvent(src_path='/Users/pau/git-box/free-genai-bootcamp-2025/speaking-practice/app_debug.log', dest_path='', event_type='modified', is_directory=False, is_synthetic=False)
2025-03-04 22:33:36,403 - DEBUG - NativeEvent(path="/Users/pau/git-box/free-genai-bootcamp-2025/speaking-practice/app_debug.log", inode=72608021, flags=11400, id=300442654): is_file, is_inode_meta_mod, is_modified
2025-03-04 22:33:36,403 - DEBUG - queue_event FileModifiedEvent(src_path='/Users/pau/git-box/free-genai-bootcamp-2025/speaking-practice/app_debug.log', dest_path='', event_type='modified', is_directory=False, is_synthetic=False)
2025-03-04 22:33:36,628 - DEBUG - NativeEvent(path="/Users/pau/git-box/free-genai-bootcamp-2025/speaking-practice/app_debug.log", inode=72608021, flags=11400, id=300442657): is_file, is_inode_meta_mod, is_modified
2025-03-04 22:33:36,628 - DEBUG - queue_event FileModifiedEvent(src_path='/Users/pau/git-box/free-genai-bootcamp-2025/speaking-practice/app_debug.log', dest_path='', event_type='modified', is_directory=False, is_synthetic=False)
2025-03-04 22:33:36,680 - DEBUG - NativeEvent(path="/Users/pau/git-box/free-genai-bootcamp-2025/speaking-practice/app_debug.log", inode=72608021, flags=11400, id=300442660): is_file, is_inode_meta_mod, is_modified
2025-03-04 22:33:36,680 - DEBUG - queue_event FileModifiedEvent(src_path='/Users/pau/git-box/free-genai-bootcamp-2025/speaking-practice/app_debug.log', dest_path='', event_type='modified', is_directory=False, is_synthetic=False)
2025-03-04 22:33:47,849 - DEBUG - NativeEvent(path="/Users/pau/git-box/free-genai-bootcamp-2025/speaking-practice/app_debug.log", inode=72608021, flags=10400, id=300442749): is_file, is_inode_meta_mod
2025-03-04 22:33:47,849 - DEBUG - queue_event FileModifiedEvent(src_path='/Users/pau/git-box/free-genai-bootcamp-2025/speaking-practice/app_debug.log', dest_path='', event_type='modified', is_directory=False, is_synthetic=False)
2025-03-04 22:33:48,930 - DEBUG - NativeEvent(path="/Users/pau/git-box/free-genai-bootcamp-2025/speaking-practice/app_debug.log", inode=72608021, flags=11400, id=300442770): is_file, is_inode_meta_mod, is_modified
2025-03-04 22:33:48,930 - DEBUG - queue_event FileModifiedEvent(src_path='/Users/pau/git-box/free-genai-bootcamp-2025/speaking-practice/app_debug.log', dest_path='', event_type='modified', is_directory=False, is_synthetic=False)
2025-03-04 22:33:48,974 - DEBUG - NativeEvent(path="/Users/pau/git-box/free-genai-bootcamp-2025/speaking-practice/app_debug.log", inode=72608021, flags=11400, id=300442776): is_file, is_inode_meta_mod, is_modified
2025-03-04 22:33:48,974 - DEBUG - queue_event FileModifiedEvent(src_path='/Users/pau/git-box/free-genai-bootcamp-2025/speaking-practice/app_debug.log', dest_path='', event_type='modified', is_directory=False, is_synthetic=False)
2025-03-04 22:33:50,045 - DEBUG - NativeEvent(path="/Users/pau/git-box/free-genai-bootcamp-2025/speaking-practice/app_debug.log", inode=72608021, flags=11400, id=300442799): is_file, is_inode_meta_mod, is_modified
2025-03-04 22:33:50,045 - DEBUG - queue_event FileModifiedEvent(src_path='/Users/pau/git-box/free-genai-bootcamp-2025/speaking-practice/app_debug.log', dest_path='', event_type='modified', is_directory=False, is_synthetic=False)
2025-03-04 22:33:50,098 - DEBUG - NativeEvent(path="/Users/pau/git-box/free-genai-bootcamp-2025/speaking-practice/app_debug.log", inode=72608021, flags=11400, id=300442805): is_file, is_inode_meta_mod, is_modified
2025-03-04 22:33:50,098 - DEBUG - queue_event FileModifiedEvent(src_path='/Users/pau/git-box/free-genai-bootcamp-2025/speaking-practice/app_debug.log', dest_path='', event_type='modified', is_directory=False, is_synthetic=False)
2025-03-04 22:33:51,168 - DEBUG - NativeEvent(path="/Users/pau/git-box/free-genai-bootcamp-2025/speaking-practice/app_debug.log", inode=72608021, flags=11400, id=300442814): is_file, is_inode_meta_mod, is_modified
2025-03-04 22:33:51,169 - DEBUG - queue_event FileModifiedEvent(src_path='/Users/pau/git-box/free-genai-bootcamp-2025/speaking-practice/app_debug.log', dest_path='', event_type='modified', is_directory=False, is_synthetic=False)
2025-03-04 22:33:51,215 - DEBUG - NativeEvent(path="/Users/pau/git-box/free-genai-bootcamp-2025/speaking-practice/app_debug.log", inode=72608021, flags=11400, id=300442823): is_file, is_inode_meta_mod, is_modified
2025-03-04 22:33:51,215 - DEBUG - queue_event FileModifiedEvent(src_path='/Users/pau/git-box/free-genai-bootcamp-2025/speaking-practice/app_debug.log', dest_path='', event_type='modified', is_directory=False, is_synthetic=False)
2025-03-04 22:33:52,295 - DEBUG - NativeEvent(path="/Users/pau/git-box/free-genai-bootcamp-2025/speaking-practice/app_debug.log", inode=72608021, flags=11400, id=300442843): is_file, is_inode_meta_mod, is_modified
2025-03-04 22:33:52,295 - DEBUG - queue_event FileModifiedEvent(src_path='/Users/pau/git-box/free-genai-bootcamp-2025/speaking-practice/app_debug.log', dest_path='', event_type='modified', is_directory=False, is_synthetic=False)
2025-03-04 22:33:52,341 - DEBUG - NativeEvent(path="/Users/pau/git-box/free-genai-bootcamp-2025/speaking-practice/app_debug.log", inode=72608021, flags=11400, id=300442849): is_file, is_inode_meta_mod, is_modified
2025-03-04 22:33:52,342 - DEBUG - queue_event FileModifiedEvent(src_path='/Users/pau/git-box/free-genai-bootcamp-2025/speaking-practice/app_debug.log', dest_path='', event_type='modified', is_directory=False, is_synthetic=False)
2025-03-04 22:33:52,417 - DEBUG - NativeEvent(path="/Users/pau/git-box/free-genai-bootcamp-2025/speaking-practice/app_debug.log", inode=72608021, flags=11400, id=300442852): is_file, is_inode_meta_mod, is_modified
2025-03-04 22:33:52,417 - DEBUG - queue_event FileModifiedEvent(src_path='/Users/pau/git-box/free-genai-bootcamp-2025/speaking-practice/app_debug.log', dest_path='', event_type='modified', is_directory=False, is_synthetic=False)
2025-03-04 22:33:52,461 - DEBUG - NativeEvent(path="/Users/pau/git-box/free-genai-bootcamp-2025/speaking-practice/app_debug.log", inode=72608021, flags=11400, id=300442855): is_file, is_inode_meta_mod, is_modified
2025-03-04 22:33:52,461 - DEBUG - queue_event FileModifiedEvent(src_path='/Users/pau/git-box/free-genai-bootcamp-2025/speaking-practice/app_debug.log', dest_path='', event_type='modified', is_directory=False, is_synthetic=False)
2025-03-04 22:33:54,805 - DEBUG - NativeEvent(path="/Users/pau/git-box/free-genai-bootcamp-2025/speaking-practice/app_debug.log", inode=72608021, flags=11400, id=300442948): is_file, is_inode_meta_mod, is_modified
2025-03-04 22:33:54,805 - DEBUG - queue_event FileModifiedEvent(src_path='/Users/pau/git-box/free-genai-bootcamp-2025/speaking-practice/app_debug.log', dest_path='', event_type='modified', is_directory=False, is_synthetic=False)
2025-03-04 22:33:54,872 - DEBUG - NativeEvent(path="/Users/pau/git-box/free-genai-bootcamp-2025/speaking-practice/app_debug.log", inode=72608021, flags=11400, id=300442954): is_file, is_inode_meta_mod, is_modified
2025-03-04 22:33:54,872 - DEBUG - queue_event FileModifiedEvent(src_path='/Users/pau/git-box/free-genai-bootcamp-2025/speaking-practice/app_debug.log', dest_path='', event_type='modified', is_directory=False, is_synthetic=False)
2025-03-04 22:33:54,917 - DEBUG - NativeEvent(path="/Users/pau/git-box/free-genai-bootcamp-2025/speaking-practice/app_debug.log", inode=72608021, flags=11400, id=300442971): is_file, is_inode_meta_mod, is_modified
2025-03-04 22:33:54,917 - DEBUG - queue_event FileModifiedEvent(src_path='/Users/pau/git-box/free-genai-bootcamp-2025/speaking-practice/app_debug.log', dest_path='', event_type='modified', is_directory=False, is_synthetic=False)
2025-03-04 22:35:57,947 - DEBUG - NativeEvent(path="/Users/pau/git-box/free-genai-bootcamp-2025/speaking-practice/app.py", inode=72567091, flags=11400, id=300445138): is_file, is_inode_meta_mod, is_modified
2025-03-04 22:35:57,949 - DEBUG - queue_event FileModifiedEvent(src_path='/Users/pau/git-box/free-genai-bootcamp-2025/speaking-practice/app.py', dest_path='', event_type='modified', is_directory=False, is_synthetic=False)
2025-03-04 22:36:02,574 - DEBUG - NativeEvent(path="/Users/pau/git-box/free-genai-bootcamp-2025/speaking-practice/app_debug.log", inode=72608021, flags=10400, id=300445517): is_file, is_inode_meta_mod
2025-03-04 22:36:02,574 - DEBUG - queue_event FileModifiedEvent(src_path='/Users/pau/git-box/free-genai-bootcamp-2025/speaking-practice/app_debug.log', dest_path='', event_type='modified', is_directory=False, is_synthetic=False)
2025-03-04 22:36:02,642 - DEBUG - NativeEvent(path="/Users/pau/git-box/free-genai-bootcamp-2025/speaking-practice/app_debug.log", inode=72608021, flags=11400, id=300445520): is_file, is_inode_meta_mod, is_modified
2025-03-04 22:36:02,642 - DEBUG - queue_event FileModifiedEvent(src_path='/Users/pau/git-box/free-genai-bootcamp-2025/speaking-practice/app_debug.log', dest_path='', event_type='modified', is_directory=False, is_synthetic=False)
2025-03-04 22:36:02,850 - DEBUG - NativeEvent(path="/Users/pau/git-box/free-genai-bootcamp-2025/speaking-practice/app_debug.log", inode=72608021, flags=11400, id=300445523): is_file, is_inode_meta_mod, is_modified
2025-03-04 22:36:02,850 - DEBUG - queue_event FileModifiedEvent(src_path='/Users/pau/git-box/free-genai-bootcamp-2025/speaking-practice/app_debug.log', dest_path='', event_type='modified', is_directory=False, is_synthetic=False)
2025-03-04 22:36:02,898 - DEBUG - NativeEvent(path="/Users/pau/git-box/free-genai-bootcamp-2025/speaking-practice/app_debug.log", inode=72608021, flags=11400, id=300445526): is_file, is_inode_meta_mod, is_modified
2025-03-04 22:36:02,898 - DEBUG - queue_event FileModifiedEvent(src_path='/Users/pau/git-box/free-genai-bootcamp-2025/speaking-practice/app_debug.log', dest_path='', event_type='modified', is_directory=False, is_synthetic=False)
2025-03-04 22:36:09,802 - DEBUG - NativeEvent(path="/Users/pau/git-box/free-genai-bootcamp-2025/speaking-practice/app_debug.log", inode=72608021, flags=10400, id=300445705): is_file, is_inode_meta_mod
2025-03-04 22:36:09,802 - DEBUG - queue_event FileModifiedEvent(src_path='/Users/pau/git-box/free-genai-bootcamp-2025/speaking-practice/app_debug.log', dest_path='', event_type='modified', is_directory=False, is_synthetic=False)
2025-03-04 22:36:09,883 - DEBUG - NativeEvent(path="/Users/pau/git-box/free-genai-bootcamp-2025/speaking-practice/app_debug.log", inode=72608021, flags=11400, id=300445711): is_file, is_inode_meta_mod, is_modified
2025-03-04 22:36:09,883 - DEBUG - queue_event FileModifiedEvent(src_path='/Users/pau/git-box/free-genai-bootcamp-2025/speaking-practice/app_debug.log', dest_path='', event_type='modified', is_directory=False, is_synthetic=False)
2025-03-04 22:36:10,026 - DEBUG - NativeEvent(path="/Users/pau/git-box/free-genai-bootcamp-2025/speaking-practice/app_debug.log", inode=72608021, flags=11400, id=300445717): is_file, is_inode_meta_mod, is_modified
2025-03-04 22:36:10,026 - DEBUG - queue_event FileModifiedEvent(src_path='/Users/pau/git-box/free-genai-bootcamp-2025/speaking-practice/app_debug.log', dest_path='', event_type='modified', is_directory=False, is_synthetic=False)
2025-03-04 22:36:10,338 - DEBUG - NativeEvent(path="/Users/pau/git-box/free-genai-bootcamp-2025/speaking-practice/app_debug.log", inode=72608021, flags=11400, id=300445735): is_file, is_inode_meta_mod, is_modified
2025-03-04 22:36:10,338 - DEBUG - queue_event FileModifiedEvent(src_path='/Users/pau/git-box/free-genai-bootcamp-2025/speaking-practice/app_debug.log', dest_path='', event_type='modified', is_directory=False, is_synthetic=False)
2025-03-04 22:36:10,387 - DEBUG - NativeEvent(path="/Users/pau/git-box/free-genai-bootcamp-2025/speaking-practice/app_debug.log", inode=72608021, flags=11400, id=300445741): is_file, is_inode_meta_mod, is_modified
2025-03-04 22:36:10,387 - DEBUG - queue_event FileModifiedEvent(src_path='/Users/pau/git-box/free-genai-bootcamp-2025/speaking-practice/app_debug.log', dest_path='', event_type='modified', is_directory=False, is_synthetic=False)
2025-03-04 22:36:10,428 - DEBUG - NativeEvent(path="/Users/pau/git-box/free-genai-bootcamp-2025/speaking-practice/app_debug.log", inode=72608021, flags=11400, id=300445747): is_file, is_inode_meta_mod, is_modified
2025-03-04 22:36:10,428 - DEBUG - queue_event FileModifiedEvent(src_path='/Users/pau/git-box/free-genai-bootcamp-2025/speaking-practice/app_debug.log', dest_path='', event_type='modified', is_directory=False, is_synthetic=False)
2025-03-04 22:36:10,474 - DEBUG - NativeEvent(path="/Users/pau/git-box/free-genai-bootcamp-2025/speaking-practice/app_debug.log", inode=72608021, flags=11400, id=300445761): is_file, is_inode_meta_mod, is_modified
2025-03-04 22:36:10,474 - DEBUG - queue_event FileModifiedEvent(src_path='/Users/pau/git-box/free-genai-bootcamp-2025/speaking-practice/app_debug.log', dest_path='', event_type='modified', is_directory=False, is_synthetic=False)
2025-03-04 22:36:18,984 - DEBUG - NativeEvent(path="/Users/pau/git-box/free-genai-bootcamp-2025/speaking-practice/app_debug.log", inode=72608021, flags=11400, id=300445874): is_file, is_inode_meta_mod, is_modified
2025-03-04 22:36:18,984 - DEBUG - queue_event FileModifiedEvent(src_path='/Users/pau/git-box/free-genai-bootcamp-2025/speaking-practice/app_debug.log', dest_path='', event_type='modified', is_directory=False, is_synthetic=False)
2025-03-04 22:36:19,062 - DEBUG - NativeEvent(path="/Users/pau/git-box/free-genai-bootcamp-2025/speaking-practice/app_debug.log", inode=72608021, flags=11400, id=300445877): is_file, is_inode_meta_mod, is_modified
2025-03-04 22:36:19,063 - DEBUG - queue_event FileModifiedEvent(src_path='/Users/pau/git-box/free-genai-bootcamp-2025/speaking-practice/app_debug.log', dest_path='', event_type='modified', is_directory=False, is_synthetic=False)
2025-03-04 22:36:35,906 - INFO - Recordings directory: /Users/pau/git-box/free-genai-bootcamp-2025/speaking-practice/recordings
2025-03-04 22:36:35,906 - INFO - Directory exists: True
2025-03-04 22:36:35,907 - INFO - Directory is writable: True
